# Logfile created on Fri Apr 20 23:29:06 -0700 2012 by logger.rb/22285
INFO 2012-04-20 23:29:06 -- Starting Ponder
INFO 2012-04-20 23:29:07 >> NICK katherine
INFO 2012-04-20 23:29:07 >> USER Ponder * * :Ponder
INFO 2012-04-20 23:29:07 << NOTICE AUTH :*** Looking up your hostname...
INFO 2012-04-20 23:29:07 << NOTICE AUTH :*** Checking Ident
INFO 2012-04-20 23:29:07 << NOTICE AUTH :*** Found your hostname
INFO 2012-04-20 23:29:10 << NOTICE AUTH :*** No Ident response
INFO 2012-04-20 23:29:10 << :irc.canonical.org 001 katherine :Welcome to the canonical Internet Relay Chat Network katherine
INFO 2012-04-20 23:29:10 << :irc.canonical.org 002 katherine :Your host is irc.canonical.org[irc.canonical.org/6667], running version hybrid-7.0
INFO 2012-04-20 23:29:10 << :irc.canonical.org 003 katherine :This server was created Sun Jul 2 2006 at 00:16:41 EDT
INFO 2012-04-20 23:29:10 << :irc.canonical.org 004 katherine irc.canonical.org hybrid-7.0 oiwszcerkfydnxbaugl biklmnopstveIha bkloveIh
INFO 2012-04-20 23:29:10 << :irc.canonical.org 005 katherine WALLCHOPS KNOCK VCHANS EXCEPTS INVEX MODES=4 MAXCHANNELS=15 MAXBANS=25 MAXTARGETS=4 NICKLEN=21 TOPICLEN=200 KICKLEN=200 :are supported by this server
INFO 2012-04-20 23:29:10 << :irc.canonical.org 005 katherine CHANTYPES=#& PREFIX=(ohv)@%+ CHANMODES=eIb,k,l,imnpst NETWORK=canonical CASEMAPPING=rfc1459 CALLERID :are supported by this server
INFO 2012-04-20 23:29:10 << :irc.canonical.org 251 katherine :There are 0 users and 9 invisible on 1 servers
INFO 2012-04-20 23:29:10 << :irc.canonical.org 252 katherine 1 :IRC Operators online
INFO 2012-04-20 23:29:10 << :irc.canonical.org 254 katherine 5 :channels formed
INFO 2012-04-20 23:29:10 << :irc.canonical.org 255 katherine :I have 9 clients and 0 servers
INFO 2012-04-20 23:29:10 << :irc.canonical.org 265 katherine :Current local  users: 9  Max: 13
INFO 2012-04-20 23:29:10 << :irc.canonical.org 266 katherine :Current global users: 9  Max: 13
INFO 2012-04-20 23:29:10 << :irc.canonical.org 250 katherine :Highest connection count: 13 (13 clients) (182 connections received)
INFO 2012-04-20 23:29:10 << NOTICE katherine :*** Notice -- motd was last changed at 2/7/2006 0:0
INFO 2012-04-20 23:29:10 << NOTICE katherine :*** Notice -- Please read the motd if you haven't read it
INFO 2012-04-20 23:29:10 << :irc.canonical.org 375 katherine :- irc.canonical.org Message of the Day - 
INFO 2012-04-20 23:29:10 << :irc.canonical.org 372 katherine :- *** This is the short motd ***
INFO 2012-04-20 23:29:10 << :irc.canonical.org 376 katherine :End of /MOTD command.
INFO 2012-04-20 23:29:10 >> JOIN #bottest
INFO 2012-04-20 23:29:10 << :katherine MODE katherine :+i
INFO 2012-04-20 23:29:10 << :katherine!~Ponder@c-69-181-102-198.hsd1.ca.comcast.net JOIN :#bottest
INFO 2012-04-20 23:29:10 << :irc.canonical.org 353 katherine = #bottest :@Asmer katherine paulv 
INFO 2012-04-20 23:29:10 << :irc.canonical.org 366 katherine #bottest :End of /NAMES list.
INFO 2012-04-20 23:29:21 << :Asmer!~something@c-69-181-102-198.hsd1.ca.comcast.net PRIVMSG #bottest :.ud dude
ERROR 2012-04-20 23:29:21 -- NameError: undefined local variable or method `match' for #<Object:0x7fc820fd72b8>
ERROR 2012-04-20 23:29:21 -- bot.rb:42
ERROR 2012-04-20 23:29:21 -- /usr/lib/ruby/gems/1.8/gems/ponder-0.2.0/lib/ponder/callback.rb:19:in `call'
ERROR 2012-04-20 23:29:21 -- /usr/lib/ruby/gems/1.8/gems/ponder-0.2.0/lib/ponder/callback.rb:19:in `call'
ERROR 2012-04-20 23:29:21 -- /usr/lib/ruby/gems/1.8/gems/ponder-0.2.0/lib/ponder/thaum.rb:171:in `process_callbacks'
ERROR 2012-04-20 23:29:21 -- /usr/lib/ruby/gems/1.8/gems/ponder-0.2.0/lib/ponder/thaum.rb:190:in `call'
ERROR 2012-04-20 23:29:21 -- /usr/lib/ruby/gems/1.8/gems/ponder-0.2.0/lib/ponder/thaum.rb:190:in `process_callbacks'
ERROR 2012-04-20 23:29:21 -- /usr/lib/ruby/gems/1.8/gems/ponder-0.2.0/lib/ponder/thaum.rb:155:in `each'
ERROR 2012-04-20 23:29:21 -- /usr/lib/ruby/gems/1.8/gems/ponder-0.2.0/lib/ponder/thaum.rb:155:in `process_callbacks'
ERROR 2012-04-20 23:29:21 -- /usr/lib/ruby/gems/1.8/gems/ponder-0.2.0/lib/ponder/thaum.rb:212:in `parse_event'
ERROR 2012-04-20 23:29:21 -- /usr/lib/ruby/gems/1.8/gems/ponder-0.2.0/lib/ponder/thaum.rb:125:in `parse'
ERROR 2012-04-20 23:29:21 -- /usr/lib/ruby/gems/1.8/gems/ponder-0.2.0/lib/ponder/connection.rb:35:in `receive_line'
ERROR 2012-04-20 23:29:21 -- /usr/lib/ruby/gems/1.8/gems/eventmachine-1.0.0.beta.4/lib/em/protocols/linetext2.rb:64:in `receive_data'
ERROR 2012-04-20 23:29:21 -- /usr/lib/ruby/gems/1.8/gems/eventmachine-1.0.0.beta.4/lib/eventmachine.rb:179:in `run_machine'
ERROR 2012-04-20 23:29:21 -- /usr/lib/ruby/gems/1.8/gems/eventmachine-1.0.0.beta.4/lib/eventmachine.rb:179:in `run'
ERROR 2012-04-20 23:29:21 -- /usr/lib/ruby/gems/1.8/gems/ponder-0.2.0/lib/ponder/thaum.rb:105:in `connect'
ERROR 2012-04-20 23:29:21 -- bot.rb:48
INFO 2012-04-20 23:31:18 << PING :irc.canonical.org
INFO 2012-04-20 23:31:18 >> PONG :irc.canonical.org
INFO 2012-04-20 23:31:25 -- Ponder disconnected
INFO 2012-04-20 23:31:25 -- Reconnecting in 30 seconds
INFO 2012-04-20 23:31:47 -- Starting Ponder
INFO 2012-04-20 23:31:47 >> NICK katherine
INFO 2012-04-20 23:31:47 >> USER Ponder * * :Ponder
INFO 2012-04-20 23:31:47 << NOTICE AUTH :*** Looking up your hostname...
INFO 2012-04-20 23:31:47 << NOTICE AUTH :*** Checking Ident
INFO 2012-04-20 23:31:47 << NOTICE AUTH :*** Found your hostname
INFO 2012-04-20 23:31:50 << NOTICE AUTH :*** No Ident response
INFO 2012-04-20 23:31:50 << :irc.canonical.org 001 katherine :Welcome to the canonical Internet Relay Chat Network katherine
INFO 2012-04-20 23:31:50 << :irc.canonical.org 002 katherine :Your host is irc.canonical.org[irc.canonical.org/6667], running version hybrid-7.0
INFO 2012-04-20 23:31:50 << :irc.canonical.org 003 katherine :This server was created Sun Jul 2 2006 at 00:16:41 EDT
INFO 2012-04-20 23:31:50 << :irc.canonical.org 004 katherine irc.canonical.org hybrid-7.0 oiwszcerkfydnxbaugl biklmnopstveIha bkloveIh
INFO 2012-04-20 23:31:50 << :irc.canonical.org 005 katherine WALLCHOPS KNOCK VCHANS EXCEPTS INVEX MODES=4 MAXCHANNELS=15 MAXBANS=25 MAXTARGETS=4 NICKLEN=21 TOPICLEN=200 KICKLEN=200 :are supported by this server
INFO 2012-04-20 23:31:50 << :irc.canonical.org 005 katherine CHANTYPES=#& PREFIX=(ohv)@%+ CHANMODES=eIb,k,l,imnpst NETWORK=canonical CASEMAPPING=rfc1459 CALLERID :are supported by this server
INFO 2012-04-20 23:31:50 << :irc.canonical.org 251 katherine :There are 0 users and 9 invisible on 1 servers
INFO 2012-04-20 23:31:50 << :irc.canonical.org 252 katherine 1 :IRC Operators online
INFO 2012-04-20 23:31:50 << :irc.canonical.org 254 katherine 5 :channels formed
INFO 2012-04-20 23:31:50 << :irc.canonical.org 255 katherine :I have 9 clients and 0 servers
INFO 2012-04-20 23:31:50 << :irc.canonical.org 265 katherine :Current local  users: 9  Max: 13
INFO 2012-04-20 23:31:50 << :irc.canonical.org 266 katherine :Current global users: 9  Max: 13
INFO 2012-04-20 23:31:50 << :irc.canonical.org 250 katherine :Highest connection count: 13 (13 clients) (183 connections received)
INFO 2012-04-20 23:31:50 << NOTICE katherine :*** Notice -- motd was last changed at 2/7/2006 0:0
INFO 2012-04-20 23:31:50 << NOTICE katherine :*** Notice -- Please read the motd if you haven't read it
INFO 2012-04-20 23:31:50 << :irc.canonical.org 375 katherine :- irc.canonical.org Message of the Day - 
INFO 2012-04-20 23:31:50 << :irc.canonical.org 372 katherine :- *** This is the short motd ***
INFO 2012-04-20 23:31:50 << :irc.canonical.org 376 katherine :End of /MOTD command.
INFO 2012-04-20 23:31:50 >> JOIN #bottest
INFO 2012-04-20 23:31:50 << :katherine MODE katherine :+i
INFO 2012-04-20 23:31:50 << :katherine!~Ponder@c-69-181-102-198.hsd1.ca.comcast.net JOIN :#bottest
INFO 2012-04-20 23:31:50 << :irc.canonical.org 353 katherine = #bottest :@Asmer katherine paulv 
INFO 2012-04-20 23:31:50 << :irc.canonical.org 366 katherine #bottest :End of /NAMES list.
INFO 2012-04-20 23:31:58 << :Asmer!~something@c-69-181-102-198.hsd1.ca.comcast.net PRIVMSG #bottest :.ud dude
ERROR 2012-04-20 23:31:58 -- NameError: undefined local variable or method `message' for #<Object:0x7faae7af62b8>
ERROR 2012-04-20 23:31:58 -- bot.rb:42
ERROR 2012-04-20 23:31:58 -- /usr/lib/ruby/gems/1.8/gems/ponder-0.2.0/lib/ponder/callback.rb:19:in `call'
ERROR 2012-04-20 23:31:58 -- /usr/lib/ruby/gems/1.8/gems/ponder-0.2.0/lib/ponder/callback.rb:19:in `call'
ERROR 2012-04-20 23:31:58 -- /usr/lib/ruby/gems/1.8/gems/ponder-0.2.0/lib/ponder/thaum.rb:171:in `process_callbacks'
ERROR 2012-04-20 23:31:58 -- /usr/lib/ruby/gems/1.8/gems/ponder-0.2.0/lib/ponder/thaum.rb:190:in `call'
ERROR 2012-04-20 23:31:58 -- /usr/lib/ruby/gems/1.8/gems/ponder-0.2.0/lib/ponder/thaum.rb:190:in `process_callbacks'
ERROR 2012-04-20 23:31:58 -- /usr/lib/ruby/gems/1.8/gems/ponder-0.2.0/lib/ponder/thaum.rb:155:in `each'
ERROR 2012-04-20 23:31:58 -- /usr/lib/ruby/gems/1.8/gems/ponder-0.2.0/lib/ponder/thaum.rb:155:in `process_callbacks'
ERROR 2012-04-20 23:31:58 -- /usr/lib/ruby/gems/1.8/gems/ponder-0.2.0/lib/ponder/thaum.rb:212:in `parse_event'
ERROR 2012-04-20 23:31:58 -- /usr/lib/ruby/gems/1.8/gems/ponder-0.2.0/lib/ponder/thaum.rb:125:in `parse'
ERROR 2012-04-20 23:31:58 -- /usr/lib/ruby/gems/1.8/gems/ponder-0.2.0/lib/ponder/connection.rb:35:in `receive_line'
ERROR 2012-04-20 23:31:58 -- /usr/lib/ruby/gems/1.8/gems/eventmachine-1.0.0.beta.4/lib/em/protocols/linetext2.rb:64:in `receive_data'
ERROR 2012-04-20 23:31:58 -- /usr/lib/ruby/gems/1.8/gems/eventmachine-1.0.0.beta.4/lib/eventmachine.rb:179:in `run_machine'
ERROR 2012-04-20 23:31:58 -- /usr/lib/ruby/gems/1.8/gems/eventmachine-1.0.0.beta.4/lib/eventmachine.rb:179:in `run'
ERROR 2012-04-20 23:31:58 -- /usr/lib/ruby/gems/1.8/gems/ponder-0.2.0/lib/ponder/thaum.rb:105:in `connect'
ERROR 2012-04-20 23:31:58 -- bot.rb:48
INFO 2012-04-20 23:32:19 -- Ponder disconnected
INFO 2012-04-20 23:32:19 -- Reconnecting in 30 seconds
INFO 2012-04-20 23:32:43 -- Starting Ponder
INFO 2012-04-20 23:32:43 >> NICK katherine
INFO 2012-04-20 23:32:43 >> USER Ponder * * :Ponder
INFO 2012-04-20 23:32:43 << NOTICE AUTH :*** Looking up your hostname...
INFO 2012-04-20 23:32:43 << NOTICE AUTH :*** Checking Ident
INFO 2012-04-20 23:32:43 << NOTICE AUTH :*** Found your hostname
INFO 2012-04-20 23:32:46 << NOTICE AUTH :*** No Ident response
INFO 2012-04-20 23:32:46 << :irc.canonical.org 001 katherine :Welcome to the canonical Internet Relay Chat Network katherine
INFO 2012-04-20 23:32:46 << :irc.canonical.org 002 katherine :Your host is irc.canonical.org[irc.canonical.org/6667], running version hybrid-7.0
INFO 2012-04-20 23:32:46 << :irc.canonical.org 003 katherine :This server was created Sun Jul 2 2006 at 00:16:41 EDT
INFO 2012-04-20 23:32:46 << :irc.canonical.org 004 katherine irc.canonical.org hybrid-7.0 oiwszcerkfydnxbaugl biklmnopstveIha bkloveIh
INFO 2012-04-20 23:32:46 << :irc.canonical.org 005 katherine WALLCHOPS KNOCK VCHANS EXCEPTS INVEX MODES=4 MAXCHANNELS=15 MAXBANS=25 MAXTARGETS=4 NICKLEN=21 TOPICLEN=200 KICKLEN=200 :are supported by this server
INFO 2012-04-20 23:32:46 << :irc.canonical.org 005 katherine CHANTYPES=#& PREFIX=(ohv)@%+ CHANMODES=eIb,k,l,imnpst NETWORK=canonical CASEMAPPING=rfc1459 CALLERID :are supported by this server
INFO 2012-04-20 23:32:46 << :irc.canonical.org 251 katherine :There are 0 users and 9 invisible on 1 servers
INFO 2012-04-20 23:32:46 << :irc.canonical.org 252 katherine 1 :IRC Operators online
INFO 2012-04-20 23:32:46 << :irc.canonical.org 254 katherine 5 :channels formed
INFO 2012-04-20 23:32:46 << :irc.canonical.org 255 katherine :I have 9 clients and 0 servers
INFO 2012-04-20 23:32:46 << :irc.canonical.org 265 katherine :Current local  users: 9  Max: 13
INFO 2012-04-20 23:32:46 << :irc.canonical.org 266 katherine :Current global users: 9  Max: 13
INFO 2012-04-20 23:32:46 << :irc.canonical.org 250 katherine :Highest connection count: 13 (13 clients) (184 connections received)
INFO 2012-04-20 23:32:46 << NOTICE katherine :*** Notice -- motd was last changed at 2/7/2006 0:0
INFO 2012-04-20 23:32:46 << NOTICE katherine :*** Notice -- Please read the motd if you haven't read it
INFO 2012-04-20 23:32:46 << :irc.canonical.org 375 katherine :- irc.canonical.org Message of the Day - 
INFO 2012-04-20 23:32:46 << :irc.canonical.org 372 katherine :- *** This is the short motd ***
INFO 2012-04-20 23:32:46 << :irc.canonical.org 376 katherine :End of /MOTD command.
INFO 2012-04-20 23:32:46 >> JOIN #bottest
INFO 2012-04-20 23:32:46 << :katherine MODE katherine :+i
INFO 2012-04-20 23:32:46 << :katherine!~Ponder@c-69-181-102-198.hsd1.ca.comcast.net JOIN :#bottest
INFO 2012-04-20 23:32:46 << :irc.canonical.org 353 katherine = #bottest :@Asmer katherine paulv 
INFO 2012-04-20 23:32:46 << :irc.canonical.org 366 katherine #bottest :End of /NAMES list.
INFO 2012-04-20 23:32:49 << :Asmer!~something@c-69-181-102-198.hsd1.ca.comcast.net PRIVMSG #bottest :.ud dude
ERROR 2012-04-20 23:32:50 -- NameError: undefined local variable or method `match' for #<Object:0x7f0e71cc42b0>
ERROR 2012-04-20 23:32:50 -- bot.rb:45
ERROR 2012-04-20 23:32:50 -- /usr/lib/ruby/gems/1.8/gems/ponder-0.2.0/lib/ponder/callback.rb:19:in `call'
ERROR 2012-04-20 23:32:50 -- /usr/lib/ruby/gems/1.8/gems/ponder-0.2.0/lib/ponder/callback.rb:19:in `call'
ERROR 2012-04-20 23:32:50 -- /usr/lib/ruby/gems/1.8/gems/ponder-0.2.0/lib/ponder/thaum.rb:171:in `process_callbacks'
ERROR 2012-04-20 23:32:50 -- /usr/lib/ruby/gems/1.8/gems/ponder-0.2.0/lib/ponder/thaum.rb:190:in `call'
ERROR 2012-04-20 23:32:50 -- /usr/lib/ruby/gems/1.8/gems/ponder-0.2.0/lib/ponder/thaum.rb:190:in `process_callbacks'
ERROR 2012-04-20 23:32:50 -- /usr/lib/ruby/gems/1.8/gems/ponder-0.2.0/lib/ponder/thaum.rb:155:in `each'
ERROR 2012-04-20 23:32:50 -- /usr/lib/ruby/gems/1.8/gems/ponder-0.2.0/lib/ponder/thaum.rb:155:in `process_callbacks'
ERROR 2012-04-20 23:32:50 -- /usr/lib/ruby/gems/1.8/gems/ponder-0.2.0/lib/ponder/thaum.rb:212:in `parse_event'
ERROR 2012-04-20 23:32:50 -- /usr/lib/ruby/gems/1.8/gems/ponder-0.2.0/lib/ponder/thaum.rb:125:in `parse'
ERROR 2012-04-20 23:32:50 -- /usr/lib/ruby/gems/1.8/gems/ponder-0.2.0/lib/ponder/connection.rb:35:in `receive_line'
ERROR 2012-04-20 23:32:50 -- /usr/lib/ruby/gems/1.8/gems/eventmachine-1.0.0.beta.4/lib/em/protocols/linetext2.rb:64:in `receive_data'
ERROR 2012-04-20 23:32:50 -- /usr/lib/ruby/gems/1.8/gems/eventmachine-1.0.0.beta.4/lib/eventmachine.rb:179:in `run_machine'
ERROR 2012-04-20 23:32:50 -- /usr/lib/ruby/gems/1.8/gems/eventmachine-1.0.0.beta.4/lib/eventmachine.rb:179:in `run'
ERROR 2012-04-20 23:32:50 -- /usr/lib/ruby/gems/1.8/gems/ponder-0.2.0/lib/ponder/thaum.rb:105:in `connect'
ERROR 2012-04-20 23:32:50 -- bot.rb:48
INFO 2012-04-20 23:33:19 -- Ponder disconnected
INFO 2012-04-20 23:33:19 -- Reconnecting in 30 seconds
INFO 2012-04-20 23:33:40 -- Starting Ponder
INFO 2012-04-20 23:33:40 >> NICK katherine
INFO 2012-04-20 23:33:40 >> USER Ponder * * :Ponder
INFO 2012-04-20 23:33:40 << NOTICE AUTH :*** Looking up your hostname...
INFO 2012-04-20 23:33:40 << NOTICE AUTH :*** Checking Ident
INFO 2012-04-20 23:33:40 << NOTICE AUTH :*** Found your hostname
INFO 2012-04-20 23:33:43 << NOTICE AUTH :*** No Ident response
INFO 2012-04-20 23:33:43 << :irc.canonical.org 001 katherine :Welcome to the canonical Internet Relay Chat Network katherine
INFO 2012-04-20 23:33:43 << :irc.canonical.org 002 katherine :Your host is irc.canonical.org[irc.canonical.org/6667], running version hybrid-7.0
INFO 2012-04-20 23:33:43 << :irc.canonical.org 003 katherine :This server was created Sun Jul 2 2006 at 00:16:41 EDT
INFO 2012-04-20 23:33:43 << :irc.canonical.org 004 katherine irc.canonical.org hybrid-7.0 oiwszcerkfydnxbaugl biklmnopstveIha bkloveIh
INFO 2012-04-20 23:33:43 << :irc.canonical.org 005 katherine WALLCHOPS KNOCK VCHANS EXCEPTS INVEX MODES=4 MAXCHANNELS=15 MAXBANS=25 MAXTARGETS=4 NICKLEN=21 TOPICLEN=200 KICKLEN=200 :are supported by this server
INFO 2012-04-20 23:33:43 << :irc.canonical.org 005 katherine CHANTYPES=#& PREFIX=(ohv)@%+ CHANMODES=eIb,k,l,imnpst NETWORK=canonical CASEMAPPING=rfc1459 CALLERID :are supported by this server
INFO 2012-04-20 23:33:43 << :irc.canonical.org 251 katherine :There are 0 users and 9 invisible on 1 servers
INFO 2012-04-20 23:33:43 << :irc.canonical.org 252 katherine 1 :IRC Operators online
INFO 2012-04-20 23:33:43 << :irc.canonical.org 254 katherine 5 :channels formed
INFO 2012-04-20 23:33:43 << :irc.canonical.org 255 katherine :I have 9 clients and 0 servers
INFO 2012-04-20 23:33:43 << :irc.canonical.org 265 katherine :Current local  users: 9  Max: 13
INFO 2012-04-20 23:33:43 << :irc.canonical.org 266 katherine :Current global users: 9  Max: 13
INFO 2012-04-20 23:33:43 << :irc.canonical.org 250 katherine :Highest connection count: 13 (13 clients) (185 connections received)
INFO 2012-04-20 23:33:43 << NOTICE katherine :*** Notice -- motd was last changed at 2/7/2006 0:0
INFO 2012-04-20 23:33:43 << NOTICE katherine :*** Notice -- Please read the motd if you haven't read it
INFO 2012-04-20 23:33:43 << :irc.canonical.org 375 katherine :- irc.canonical.org Message of the Day - 
INFO 2012-04-20 23:33:43 << :irc.canonical.org 372 katherine :- *** This is the short motd ***
INFO 2012-04-20 23:33:43 << :irc.canonical.org 376 katherine :End of /MOTD command.
INFO 2012-04-20 23:33:43 >> JOIN #bottest
INFO 2012-04-20 23:33:43 << :katherine MODE katherine :+i
INFO 2012-04-20 23:33:43 << :katherine!~Ponder@c-69-181-102-198.hsd1.ca.comcast.net JOIN :#bottest
INFO 2012-04-20 23:33:43 << :irc.canonical.org 353 katherine = #bottest :@Asmer katherine paulv 
INFO 2012-04-20 23:33:43 << :irc.canonical.org 366 katherine #bottest :End of /NAMES list.
INFO 2012-04-20 23:33:49 << :Asmer!~something@c-69-181-102-198.hsd1.ca.comcast.net PRIVMSG #bottest :.ud dude
INFO 2012-04-20 23:33:51 >> PRIVMSG #bottest :Urban Dictionary .:. .ud dude: A sad member of UD, were he/she checks their definitions continuously to see if people agree with them. If people do not agre then they will repeatedly refresh their page and thumbs up it every time.
INFO 2012-04-20 23:34:05 << :Asmer!~something@c-69-181-102-198.hsd1.ca.comcast.net PRIVMSG #bottest :hmmm
INFO 2012-04-20 23:36:04 << PING :irc.canonical.org
INFO 2012-04-20 23:36:04 >> PONG :irc.canonical.org
INFO 2012-04-20 23:38:16 << PING :irc.canonical.org
INFO 2012-04-20 23:38:16 >> PONG :irc.canonical.org
INFO 2012-04-20 23:40:23 -- Ponder disconnected
INFO 2012-04-20 23:40:23 -- Reconnecting in 30 seconds
INFO 2012-04-20 23:40:44 -- Starting Ponder
INFO 2012-04-20 23:40:44 >> NICK katherine
INFO 2012-04-20 23:40:44 >> USER Ponder * * :Ponder
INFO 2012-04-20 23:40:44 << NOTICE AUTH :*** Looking up your hostname...
INFO 2012-04-20 23:40:44 << NOTICE AUTH :*** Checking Ident
INFO 2012-04-20 23:40:44 << NOTICE AUTH :*** Found your hostname
INFO 2012-04-20 23:40:47 << NOTICE AUTH :*** No Ident response
INFO 2012-04-20 23:40:47 << :irc.canonical.org 001 katherine :Welcome to the canonical Internet Relay Chat Network katherine
INFO 2012-04-20 23:40:47 << :irc.canonical.org 002 katherine :Your host is irc.canonical.org[irc.canonical.org/6667], running version hybrid-7.0
INFO 2012-04-20 23:40:47 << :irc.canonical.org 003 katherine :This server was created Sun Jul 2 2006 at 00:16:41 EDT
INFO 2012-04-20 23:40:47 << :irc.canonical.org 004 katherine irc.canonical.org hybrid-7.0 oiwszcerkfydnxbaugl biklmnopstveIha bkloveIh
INFO 2012-04-20 23:40:47 << :irc.canonical.org 005 katherine WALLCHOPS KNOCK VCHANS EXCEPTS INVEX MODES=4 MAXCHANNELS=15 MAXBANS=25 MAXTARGETS=4 NICKLEN=21 TOPICLEN=200 KICKLEN=200 :are supported by this server
INFO 2012-04-20 23:40:47 << :irc.canonical.org 005 katherine CHANTYPES=#& PREFIX=(ohv)@%+ CHANMODES=eIb,k,l,imnpst NETWORK=canonical CASEMAPPING=rfc1459 CALLERID :are supported by this server
INFO 2012-04-20 23:40:47 << :irc.canonical.org 251 katherine :There are 0 users and 9 invisible on 1 servers
INFO 2012-04-20 23:40:47 << :irc.canonical.org 252 katherine 1 :IRC Operators online
INFO 2012-04-20 23:40:47 << :irc.canonical.org 254 katherine 5 :channels formed
INFO 2012-04-20 23:40:47 << :irc.canonical.org 255 katherine :I have 9 clients and 0 servers
INFO 2012-04-20 23:40:47 << :irc.canonical.org 265 katherine :Current local  users: 9  Max: 13
INFO 2012-04-20 23:40:47 << :irc.canonical.org 266 katherine :Current global users: 9  Max: 13
INFO 2012-04-20 23:40:47 << :irc.canonical.org 250 katherine :Highest connection count: 13 (13 clients) (186 connections received)
INFO 2012-04-20 23:40:47 << NOTICE katherine :*** Notice -- motd was last changed at 2/7/2006 0:0
INFO 2012-04-20 23:40:47 << NOTICE katherine :*** Notice -- Please read the motd if you haven't read it
INFO 2012-04-20 23:40:47 << :irc.canonical.org 375 katherine :- irc.canonical.org Message of the Day - 
INFO 2012-04-20 23:40:47 << :irc.canonical.org 372 katherine :- *** This is the short motd ***
INFO 2012-04-20 23:40:47 << :irc.canonical.org 376 katherine :End of /MOTD command.
INFO 2012-04-20 23:40:47 >> JOIN #bottest
INFO 2012-04-20 23:40:47 << :katherine MODE katherine :+i
INFO 2012-04-20 23:40:47 << :katherine!~Ponder@c-69-181-102-198.hsd1.ca.comcast.net JOIN :#bottest
INFO 2012-04-20 23:40:47 << :irc.canonical.org 353 katherine = #bottest :@Asmer katherine paulv 
INFO 2012-04-20 23:40:47 << :irc.canonical.org 366 katherine #bottest :End of /NAMES list.
INFO 2012-04-20 23:43:02 << PING :irc.canonical.org
INFO 2012-04-20 23:43:02 >> PONG :irc.canonical.org
INFO 2012-04-20 23:45:14 << PING :irc.canonical.org
INFO 2012-04-20 23:45:14 >> PONG :irc.canonical.org
INFO 2012-04-20 23:45:27 << :Asmer!~something@c-69-181-102-198.hsd1.ca.comcast.net PRIVMSG #bottest :.ud dude
ERROR 2012-04-20 23:45:27 -- NoMethodError: undefined method `first' for #<MatchData ".ud dude" 1:"dude">
ERROR 2012-04-20 23:45:27 -- bot.rb:42
ERROR 2012-04-20 23:45:27 -- /usr/lib/ruby/gems/1.8/gems/ponder-0.2.0/lib/ponder/callback.rb:19:in `call'
ERROR 2012-04-20 23:45:27 -- /usr/lib/ruby/gems/1.8/gems/ponder-0.2.0/lib/ponder/callback.rb:19:in `call'
ERROR 2012-04-20 23:45:27 -- /usr/lib/ruby/gems/1.8/gems/ponder-0.2.0/lib/ponder/thaum.rb:171:in `process_callbacks'
ERROR 2012-04-20 23:45:27 -- /usr/lib/ruby/gems/1.8/gems/ponder-0.2.0/lib/ponder/thaum.rb:190:in `call'
ERROR 2012-04-20 23:45:27 -- /usr/lib/ruby/gems/1.8/gems/ponder-0.2.0/lib/ponder/thaum.rb:190:in `process_callbacks'
ERROR 2012-04-20 23:45:27 -- /usr/lib/ruby/gems/1.8/gems/ponder-0.2.0/lib/ponder/thaum.rb:155:in `each'
ERROR 2012-04-20 23:45:27 -- /usr/lib/ruby/gems/1.8/gems/ponder-0.2.0/lib/ponder/thaum.rb:155:in `process_callbacks'
ERROR 2012-04-20 23:45:27 -- /usr/lib/ruby/gems/1.8/gems/ponder-0.2.0/lib/ponder/thaum.rb:212:in `parse_event'
ERROR 2012-04-20 23:45:27 -- /usr/lib/ruby/gems/1.8/gems/ponder-0.2.0/lib/ponder/thaum.rb:125:in `parse'
ERROR 2012-04-20 23:45:27 -- /usr/lib/ruby/gems/1.8/gems/ponder-0.2.0/lib/ponder/connection.rb:35:in `receive_line'
ERROR 2012-04-20 23:45:27 -- /usr/lib/ruby/gems/1.8/gems/eventmachine-1.0.0.beta.4/lib/em/protocols/linetext2.rb:64:in `receive_data'
ERROR 2012-04-20 23:45:27 -- /usr/lib/ruby/gems/1.8/gems/eventmachine-1.0.0.beta.4/lib/eventmachine.rb:179:in `run_machine'
ERROR 2012-04-20 23:45:27 -- /usr/lib/ruby/gems/1.8/gems/eventmachine-1.0.0.beta.4/lib/eventmachine.rb:179:in `run'
ERROR 2012-04-20 23:45:27 -- /usr/lib/ruby/gems/1.8/gems/ponder-0.2.0/lib/ponder/thaum.rb:105:in `connect'
ERROR 2012-04-20 23:45:27 -- bot.rb:49
INFO 2012-04-20 23:45:38 -- Ponder disconnected
INFO 2012-04-20 23:45:38 -- Reconnecting in 30 seconds
INFO 2012-04-20 23:48:04 -- Starting Ponder
INFO 2012-04-20 23:48:04 >> NICK katherine
INFO 2012-04-20 23:48:04 >> USER Ponder * * :Ponder
INFO 2012-04-20 23:48:04 << NOTICE AUTH :*** Looking up your hostname...
INFO 2012-04-20 23:48:04 << NOTICE AUTH :*** Checking Ident
INFO 2012-04-20 23:48:04 << NOTICE AUTH :*** Found your hostname
INFO 2012-04-20 23:48:07 << NOTICE AUTH :*** No Ident response
INFO 2012-04-20 23:48:07 << :irc.canonical.org 001 katherine :Welcome to the canonical Internet Relay Chat Network katherine
INFO 2012-04-20 23:48:07 << :irc.canonical.org 002 katherine :Your host is irc.canonical.org[irc.canonical.org/6667], running version hybrid-7.0
INFO 2012-04-20 23:48:07 << :irc.canonical.org 003 katherine :This server was created Sun Jul 2 2006 at 00:16:41 EDT
INFO 2012-04-20 23:48:07 << :irc.canonical.org 004 katherine irc.canonical.org hybrid-7.0 oiwszcerkfydnxbaugl biklmnopstveIha bkloveIh
INFO 2012-04-20 23:48:07 << :irc.canonical.org 005 katherine WALLCHOPS KNOCK VCHANS EXCEPTS INVEX MODES=4 MAXCHANNELS=15 MAXBANS=25 MAXTARGETS=4 NICKLEN=21 TOPICLEN=200 KICKLEN=200 :are supported by this server
INFO 2012-04-20 23:48:07 << :irc.canonical.org 005 katherine CHANTYPES=#& PREFIX=(ohv)@%+ CHANMODES=eIb,k,l,imnpst NETWORK=canonical CASEMAPPING=rfc1459 CALLERID :are supported by this server
INFO 2012-04-20 23:48:07 << :irc.canonical.org 251 katherine :There are 0 users and 9 invisible on 1 servers
INFO 2012-04-20 23:48:07 << :irc.canonical.org 252 katherine 1 :IRC Operators online
INFO 2012-04-20 23:48:07 << :irc.canonical.org 254 katherine 5 :channels formed
INFO 2012-04-20 23:48:07 << :irc.canonical.org 255 katherine :I have 9 clients and 0 servers
INFO 2012-04-20 23:48:07 << :irc.canonical.org 265 katherine :Current local  users: 9  Max: 13
INFO 2012-04-20 23:48:07 << :irc.canonical.org 266 katherine :Current global users: 9  Max: 13
INFO 2012-04-20 23:48:07 << :irc.canonical.org 250 katherine :Highest connection count: 13 (13 clients) (187 connections received)
INFO 2012-04-20 23:48:07 << NOTICE katherine :*** Notice -- motd was last changed at 2/7/2006 0:0
INFO 2012-04-20 23:48:07 << NOTICE katherine :*** Notice -- Please read the motd if you haven't read it
INFO 2012-04-20 23:48:07 << :irc.canonical.org 375 katherine :- irc.canonical.org Message of the Day - 
INFO 2012-04-20 23:48:07 << :irc.canonical.org 372 katherine :- *** This is the short motd ***
INFO 2012-04-20 23:48:07 << :irc.canonical.org 376 katherine :End of /MOTD command.
INFO 2012-04-20 23:48:07 >> JOIN #bottest
INFO 2012-04-20 23:48:07 << :katherine MODE katherine :+i
INFO 2012-04-20 23:48:07 << :katherine!~Ponder@c-69-181-102-198.hsd1.ca.comcast.net JOIN :#bottest
INFO 2012-04-20 23:48:07 << :irc.canonical.org 353 katherine = #bottest :@Asmer katherine paulv 
INFO 2012-04-20 23:48:07 << :irc.canonical.org 366 katherine #bottest :End of /NAMES list.
INFO 2012-04-20 23:48:22 << :Asmer!~something@c-69-181-102-198.hsd1.ca.comcast.net PRIVMSG #bottest :paulv: well ponder at least gracefully handles exceptions without gross rescue loops littering the code
INFO 2012-04-20 23:48:32 << :Asmer!~something@c-69-181-102-198.hsd1.ca.comcast.net PRIVMSG #bottest :.ud dude
INFO 2012-04-20 23:48:34 >> PRIVMSG #bottest :Urban Dictionary .:. .ud dude: A sad member of UD, were he/she checks their definitions continuously to see if people agree with them. If people do not agre then they will repeatedly refresh their page and thumbs up it every time.
INFO 2012-04-20 23:48:39 << :Asmer!~something@c-69-181-102-198.hsd1.ca.comcast.net PRIVMSG #bottest :meh.
INFO 2012-04-20 23:50:44 << PING :irc.canonical.org
INFO 2012-04-20 23:50:44 >> PONG :irc.canonical.org
INFO 2012-04-20 23:51:53 -- Ponder disconnected
INFO 2012-04-20 23:51:53 -- Reconnecting in 30 seconds
INFO 2012-04-20 23:52:13 -- Starting Ponder
INFO 2012-04-20 23:52:13 >> NICK katherine
INFO 2012-04-20 23:52:13 >> USER Ponder * * :Ponder
INFO 2012-04-20 23:52:13 << NOTICE AUTH :*** Looking up your hostname...
INFO 2012-04-20 23:52:13 << NOTICE AUTH :*** Checking Ident
INFO 2012-04-20 23:52:13 << NOTICE AUTH :*** Found your hostname
INFO 2012-04-20 23:52:16 << NOTICE AUTH :*** No Ident response
INFO 2012-04-20 23:52:16 << :irc.canonical.org 001 katherine :Welcome to the canonical Internet Relay Chat Network katherine
INFO 2012-04-20 23:52:16 << :irc.canonical.org 002 katherine :Your host is irc.canonical.org[irc.canonical.org/6667], running version hybrid-7.0
INFO 2012-04-20 23:52:16 << :irc.canonical.org 003 katherine :This server was created Sun Jul 2 2006 at 00:16:41 EDT
INFO 2012-04-20 23:52:16 << :irc.canonical.org 004 katherine irc.canonical.org hybrid-7.0 oiwszcerkfydnxbaugl biklmnopstveIha bkloveIh
INFO 2012-04-20 23:52:16 << :irc.canonical.org 005 katherine WALLCHOPS KNOCK VCHANS EXCEPTS INVEX MODES=4 MAXCHANNELS=15 MAXBANS=25 MAXTARGETS=4 NICKLEN=21 TOPICLEN=200 KICKLEN=200 :are supported by this server
INFO 2012-04-20 23:52:16 << :irc.canonical.org 005 katherine CHANTYPES=#& PREFIX=(ohv)@%+ CHANMODES=eIb,k,l,imnpst NETWORK=canonical CASEMAPPING=rfc1459 CALLERID :are supported by this server
INFO 2012-04-20 23:52:16 << :irc.canonical.org 251 katherine :There are 0 users and 9 invisible on 1 servers
INFO 2012-04-20 23:52:16 << :irc.canonical.org 252 katherine 1 :IRC Operators online
INFO 2012-04-20 23:52:16 << :irc.canonical.org 254 katherine 5 :channels formed
INFO 2012-04-20 23:52:16 << :irc.canonical.org 255 katherine :I have 9 clients and 0 servers
INFO 2012-04-20 23:52:16 << :irc.canonical.org 265 katherine :Current local  users: 9  Max: 13
INFO 2012-04-20 23:52:16 << :irc.canonical.org 266 katherine :Current global users: 9  Max: 13
INFO 2012-04-20 23:52:16 << :irc.canonical.org 250 katherine :Highest connection count: 13 (13 clients) (188 connections received)
INFO 2012-04-20 23:52:16 << NOTICE katherine :*** Notice -- motd was last changed at 2/7/2006 0:0
INFO 2012-04-20 23:52:16 << NOTICE katherine :*** Notice -- Please read the motd if you haven't read it
INFO 2012-04-20 23:52:16 << :irc.canonical.org 375 katherine :- irc.canonical.org Message of the Day - 
INFO 2012-04-20 23:52:16 << :irc.canonical.org 372 katherine :- *** This is the short motd ***
INFO 2012-04-20 23:52:16 << :irc.canonical.org 376 katherine :End of /MOTD command.
INFO 2012-04-20 23:52:16 >> JOIN #bottest
INFO 2012-04-20 23:52:16 << :katherine MODE katherine :+i
INFO 2012-04-20 23:52:16 << :katherine!~Ponder@c-69-181-102-198.hsd1.ca.comcast.net JOIN :#bottest
INFO 2012-04-20 23:52:16 << :irc.canonical.org 353 katherine = #bottest :@Asmer katherine paulv 
INFO 2012-04-20 23:52:16 << :irc.canonical.org 366 katherine #bottest :End of /NAMES list.
INFO 2012-04-20 23:54:24 << PING :irc.canonical.org
INFO 2012-04-20 23:54:24 >> PONG :irc.canonical.org
INFO 2012-04-20 23:56:36 << PING :irc.canonical.org
INFO 2012-04-20 23:56:36 >> PONG :irc.canonical.org
INFO 2012-04-20 23:58:28 << :Asmer!~something@c-69-181-102-198.hsd1.ca.comcast.net PRIVMSG #bottest :.ud dude
INFO 2012-04-20 23:58:29 >> PRIVMSG #bottest :Urban Dictionary .:. dude: A word that americans use to address each other. Particularly stoners, surfers and skaters.
INFO 2012-04-20 23:58:38 << :Asmer!~something@c-69-181-102-198.hsd1.ca.comcast.net PRIVMSG #bottest :.ud hella
INFO 2012-04-20 23:58:39 >> PRIVMSG #bottest :Urban Dictionary .:. hella: Hella. Originated from the streets of San Francisco in the Hunters Point neighborhood. It is commonly used in place of "really" or "very" when describing something.
INFO 2012-04-21 00:01:00 << PING :irc.canonical.org
INFO 2012-04-21 00:01:00 >> PONG :irc.canonical.org
INFO 2012-04-21 00:01:42 -- Ponder disconnected
INFO 2012-04-21 00:01:42 -- Reconnecting in 30 seconds
INFO 2012-04-21 00:17:39 -- Starting Ponder
INFO 2012-04-21 00:17:39 >> NICK katherine
INFO 2012-04-21 00:17:39 >> USER Ponder * * :Ponder
INFO 2012-04-21 00:17:40 << NOTICE AUTH :*** Looking up your hostname...
INFO 2012-04-21 00:17:40 << NOTICE AUTH :*** Checking Ident
INFO 2012-04-21 00:17:40 << NOTICE AUTH :*** Found your hostname
INFO 2012-04-21 00:17:43 << NOTICE AUTH :*** No Ident response
INFO 2012-04-21 00:17:43 << :irc.canonical.org 001 katherine :Welcome to the canonical Internet Relay Chat Network katherine
INFO 2012-04-21 00:17:43 << :irc.canonical.org 002 katherine :Your host is irc.canonical.org[irc.canonical.org/6667], running version hybrid-7.0
INFO 2012-04-21 00:17:43 << :irc.canonical.org 003 katherine :This server was created Sun Jul 2 2006 at 00:16:41 EDT
INFO 2012-04-21 00:17:43 << :irc.canonical.org 004 katherine irc.canonical.org hybrid-7.0 oiwszcerkfydnxbaugl biklmnopstveIha bkloveIh
INFO 2012-04-21 00:17:43 << :irc.canonical.org 005 katherine WALLCHOPS KNOCK VCHANS EXCEPTS INVEX MODES=4 MAXCHANNELS=15 MAXBANS=25 MAXTARGETS=4 NICKLEN=21 TOPICLEN=200 KICKLEN=200 :are supported by this server
INFO 2012-04-21 00:17:43 << :irc.canonical.org 005 katherine CHANTYPES=#& PREFIX=(ohv)@%+ CHANMODES=eIb,k,l,imnpst NETWORK=canonical CASEMAPPING=rfc1459 CALLERID :are supported by this server
INFO 2012-04-21 00:17:43 << :irc.canonical.org 251 katherine :There are 0 users and 9 invisible on 1 servers
INFO 2012-04-21 00:17:43 << :irc.canonical.org 252 katherine 1 :IRC Operators online
INFO 2012-04-21 00:17:43 << :irc.canonical.org 254 katherine 5 :channels formed
INFO 2012-04-21 00:17:43 << :irc.canonical.org 255 katherine :I have 9 clients and 0 servers
INFO 2012-04-21 00:17:43 << :irc.canonical.org 265 katherine :Current local  users: 9  Max: 13
INFO 2012-04-21 00:17:43 << :irc.canonical.org 266 katherine :Current global users: 9  Max: 13
INFO 2012-04-21 00:17:43 << :irc.canonical.org 250 katherine :Highest connection count: 13 (13 clients) (189 connections received)
INFO 2012-04-21 00:17:43 << NOTICE katherine :*** Notice -- motd was last changed at 2/7/2006 0:0
INFO 2012-04-21 00:17:43 << NOTICE katherine :*** Notice -- Please read the motd if you haven't read it
INFO 2012-04-21 00:17:43 << :irc.canonical.org 375 katherine :- irc.canonical.org Message of the Day - 
INFO 2012-04-21 00:17:43 << :irc.canonical.org 372 katherine :- *** This is the short motd ***
INFO 2012-04-21 00:17:43 << :irc.canonical.org 376 katherine :End of /MOTD command.
INFO 2012-04-21 00:17:43 >> JOIN #bottest
INFO 2012-04-21 00:17:43 << :katherine MODE katherine :+i
INFO 2012-04-21 00:17:43 << :katherine!~Ponder@c-69-181-102-198.hsd1.ca.comcast.net JOIN :#bottest
INFO 2012-04-21 00:17:43 << :irc.canonical.org 353 katherine = #bottest :@Asmer katherine paulv 
INFO 2012-04-21 00:17:43 << :irc.canonical.org 366 katherine #bottest :End of /NAMES list.
INFO 2012-04-21 00:18:01 << :Asmer!~something@c-69-181-102-198.hsd1.ca.comcast.net PRIVMSG #bottest :.ud hella
INFO 2012-04-21 00:18:02 >> PRIVMSG #bottest :Urban Dictionary .:. hella: Hella. Originated from the streets of San Francisco in the Hunters Point neighborhood. It is commonly used in place of "really" or "very" when describing something.
INFO 2012-04-21 00:19:59 -- Ponder disconnected
INFO 2012-04-21 00:19:59 -- Reconnecting in 30 seconds
INFO 2012-04-21 00:22:24 -- Starting Ponder
INFO 2012-04-21 00:22:25 >> NICK katherine
INFO 2012-04-21 00:22:25 >> USER Ponder * * :Ponder
INFO 2012-04-21 00:22:25 << NOTICE AUTH :*** Looking up your hostname...
INFO 2012-04-21 00:22:25 << NOTICE AUTH :*** Checking Ident
INFO 2012-04-21 00:22:25 << NOTICE AUTH :*** Found your hostname
INFO 2012-04-21 00:22:28 << NOTICE AUTH :*** No Ident response
INFO 2012-04-21 00:22:28 << :irc.canonical.org 001 katherine :Welcome to the canonical Internet Relay Chat Network katherine
INFO 2012-04-21 00:22:28 << :irc.canonical.org 002 katherine :Your host is irc.canonical.org[irc.canonical.org/6667], running version hybrid-7.0
INFO 2012-04-21 00:22:28 << :irc.canonical.org 003 katherine :This server was created Sun Jul 2 2006 at 00:16:41 EDT
INFO 2012-04-21 00:22:28 << :irc.canonical.org 004 katherine irc.canonical.org hybrid-7.0 oiwszcerkfydnxbaugl biklmnopstveIha bkloveIh
INFO 2012-04-21 00:22:28 << :irc.canonical.org 005 katherine WALLCHOPS KNOCK VCHANS EXCEPTS INVEX MODES=4 MAXCHANNELS=15 MAXBANS=25 MAXTARGETS=4 NICKLEN=21 TOPICLEN=200 KICKLEN=200 :are supported by this server
INFO 2012-04-21 00:22:28 << :irc.canonical.org 005 katherine CHANTYPES=#& PREFIX=(ohv)@%+ CHANMODES=eIb,k,l,imnpst NETWORK=canonical CASEMAPPING=rfc1459 CALLERID :are supported by this server
INFO 2012-04-21 00:22:28 << :irc.canonical.org 251 katherine :There are 0 users and 9 invisible on 1 servers
INFO 2012-04-21 00:22:28 << :irc.canonical.org 252 katherine 1 :IRC Operators online
INFO 2012-04-21 00:22:28 << :irc.canonical.org 254 katherine 5 :channels formed
INFO 2012-04-21 00:22:28 << :irc.canonical.org 255 katherine :I have 9 clients and 0 servers
INFO 2012-04-21 00:22:28 << :irc.canonical.org 265 katherine :Current local  users: 9  Max: 13
INFO 2012-04-21 00:22:28 << :irc.canonical.org 266 katherine :Current global users: 9  Max: 13
INFO 2012-04-21 00:22:28 << :irc.canonical.org 250 katherine :Highest connection count: 13 (13 clients) (190 connections received)
INFO 2012-04-21 00:22:28 << NOTICE katherine :*** Notice -- motd was last changed at 2/7/2006 0:0
INFO 2012-04-21 00:22:28 << NOTICE katherine :*** Notice -- Please read the motd if you haven't read it
INFO 2012-04-21 00:22:28 << :irc.canonical.org 375 katherine :- irc.canonical.org Message of the Day - 
INFO 2012-04-21 00:22:28 << :irc.canonical.org 372 katherine :- *** This is the short motd ***
INFO 2012-04-21 00:22:28 << :irc.canonical.org 376 katherine :End of /MOTD command.
INFO 2012-04-21 00:22:28 >> JOIN #bottest
INFO 2012-04-21 00:22:28 << :katherine MODE katherine :+i
INFO 2012-04-21 00:22:28 << :katherine!~Ponder@c-69-181-102-198.hsd1.ca.comcast.net JOIN :#bottest
INFO 2012-04-21 00:22:28 << :irc.canonical.org 353 katherine = #bottest :@Asmer katherine paulv 
INFO 2012-04-21 00:22:28 << :irc.canonical.org 366 katherine #bottest :End of /NAMES list.
INFO 2012-04-21 00:22:39 << :Asmer!~something@c-69-181-102-198.hsd1.ca.comcast.net PRIVMSG #bottest :.ud hella
INFO 2012-04-21 00:22:39 >> PRIVMSG #bottest :Urban Dictionary .:. hella: Hella. Originated from the streets of San Francisco in the Hunters Point neighborhood. It is commonly used in place of "really" or "very" when describing something.
INFO 2012-04-21 00:22:52 << :Asmer!~something@c-69-181-102-198.hsd1.ca.comcast.net PRIVMSG #bottest :might be something useful https://github.com/tbuehlmann/ponder
ERROR 2012-04-21 00:22:52 -- NoMethodError: private method `scan' called for #<Enumerable::Enumerator:0x7f7f40ab8828>
ERROR 2012-04-21 00:22:52 -- /usr/lib/ruby/1.8/uri/common.rb:557:in `extract'
ERROR 2012-04-21 00:22:52 -- bot.rb:36:in `get_page_element'
ERROR 2012-04-21 00:22:52 -- bot.rb:48
ERROR 2012-04-21 00:22:52 -- /usr/lib/ruby/gems/1.8/gems/ponder-0.2.0/lib/ponder/callback.rb:19:in `call'
ERROR 2012-04-21 00:22:52 -- /usr/lib/ruby/gems/1.8/gems/ponder-0.2.0/lib/ponder/callback.rb:19:in `call'
ERROR 2012-04-21 00:22:52 -- /usr/lib/ruby/gems/1.8/gems/ponder-0.2.0/lib/ponder/thaum.rb:171:in `process_callbacks'
ERROR 2012-04-21 00:22:52 -- /usr/lib/ruby/gems/1.8/gems/ponder-0.2.0/lib/ponder/thaum.rb:190:in `call'
ERROR 2012-04-21 00:22:52 -- /usr/lib/ruby/gems/1.8/gems/ponder-0.2.0/lib/ponder/thaum.rb:190:in `process_callbacks'
ERROR 2012-04-21 00:22:52 -- /usr/lib/ruby/gems/1.8/gems/ponder-0.2.0/lib/ponder/thaum.rb:155:in `each'
ERROR 2012-04-21 00:22:52 -- /usr/lib/ruby/gems/1.8/gems/ponder-0.2.0/lib/ponder/thaum.rb:155:in `process_callbacks'
ERROR 2012-04-21 00:22:52 -- /usr/lib/ruby/gems/1.8/gems/ponder-0.2.0/lib/ponder/thaum.rb:212:in `parse_event'
ERROR 2012-04-21 00:22:52 -- /usr/lib/ruby/gems/1.8/gems/ponder-0.2.0/lib/ponder/thaum.rb:125:in `parse'
ERROR 2012-04-21 00:22:52 -- /usr/lib/ruby/gems/1.8/gems/ponder-0.2.0/lib/ponder/connection.rb:35:in `receive_line'
ERROR 2012-04-21 00:22:52 -- /usr/lib/ruby/gems/1.8/gems/eventmachine-1.0.0.beta.4/lib/em/protocols/linetext2.rb:64:in `receive_data'
ERROR 2012-04-21 00:22:52 -- /usr/lib/ruby/gems/1.8/gems/eventmachine-1.0.0.beta.4/lib/eventmachine.rb:179:in `run_machine'
ERROR 2012-04-21 00:22:52 -- /usr/lib/ruby/gems/1.8/gems/eventmachine-1.0.0.beta.4/lib/eventmachine.rb:179:in `run'
ERROR 2012-04-21 00:22:52 -- /usr/lib/ruby/gems/1.8/gems/ponder-0.2.0/lib/ponder/thaum.rb:105:in `connect'
ERROR 2012-04-21 00:22:52 -- bot.rb:61
INFO 2012-04-21 00:24:00 -- Ponder disconnected
INFO 2012-04-21 00:24:00 -- Reconnecting in 30 seconds
INFO 2012-04-21 00:24:40 -- Starting Ponder
INFO 2012-04-21 00:24:40 >> NICK katherine
INFO 2012-04-21 00:24:40 >> USER Ponder * * :Ponder
INFO 2012-04-21 00:24:40 << NOTICE AUTH :*** Looking up your hostname...
INFO 2012-04-21 00:24:40 << NOTICE AUTH :*** Checking Ident
INFO 2012-04-21 00:24:40 << NOTICE AUTH :*** Found your hostname
INFO 2012-04-21 00:24:43 << NOTICE AUTH :*** No Ident response
INFO 2012-04-21 00:24:43 << :irc.canonical.org 001 katherine :Welcome to the canonical Internet Relay Chat Network katherine
INFO 2012-04-21 00:24:43 << :irc.canonical.org 002 katherine :Your host is irc.canonical.org[irc.canonical.org/6667], running version hybrid-7.0
INFO 2012-04-21 00:24:43 << :irc.canonical.org 003 katherine :This server was created Sun Jul 2 2006 at 00:16:41 EDT
INFO 2012-04-21 00:24:43 << :irc.canonical.org 004 katherine irc.canonical.org hybrid-7.0 oiwszcerkfydnxbaugl biklmnopstveIha bkloveIh
INFO 2012-04-21 00:24:43 << :irc.canonical.org 005 katherine WALLCHOPS KNOCK VCHANS EXCEPTS INVEX MODES=4 MAXCHANNELS=15 MAXBANS=25 MAXTARGETS=4 NICKLEN=21 TOPICLEN=200 KICKLEN=200 :are supported by this server
INFO 2012-04-21 00:24:43 << :irc.canonical.org 005 katherine CHANTYPES=#& PREFIX=(ohv)@%+ CHANMODES=eIb,k,l,imnpst NETWORK=canonical CASEMAPPING=rfc1459 CALLERID :are supported by this server
INFO 2012-04-21 00:24:43 << :irc.canonical.org 251 katherine :There are 0 users and 9 invisible on 1 servers
INFO 2012-04-21 00:24:43 << :irc.canonical.org 252 katherine 1 :IRC Operators online
INFO 2012-04-21 00:24:43 << :irc.canonical.org 254 katherine 5 :channels formed
INFO 2012-04-21 00:24:43 << :irc.canonical.org 255 katherine :I have 9 clients and 0 servers
INFO 2012-04-21 00:24:43 << :irc.canonical.org 265 katherine :Current local  users: 9  Max: 13
INFO 2012-04-21 00:24:43 << :irc.canonical.org 266 katherine :Current global users: 9  Max: 13
INFO 2012-04-21 00:24:43 << :irc.canonical.org 250 katherine :Highest connection count: 13 (13 clients) (191 connections received)
INFO 2012-04-21 00:24:43 << NOTICE katherine :*** Notice -- motd was last changed at 2/7/2006 0:0
INFO 2012-04-21 00:24:43 << NOTICE katherine :*** Notice -- Please read the motd if you haven't read it
INFO 2012-04-21 00:24:43 << :irc.canonical.org 375 katherine :- irc.canonical.org Message of the Day - 
INFO 2012-04-21 00:24:43 << :irc.canonical.org 372 katherine :- *** This is the short motd ***
INFO 2012-04-21 00:24:43 << :irc.canonical.org 376 katherine :End of /MOTD command.
INFO 2012-04-21 00:24:43 >> JOIN #bottest
INFO 2012-04-21 00:24:43 << :katherine MODE katherine :+i
INFO 2012-04-21 00:24:43 << :katherine!~Ponder@c-69-181-102-198.hsd1.ca.comcast.net JOIN :#bottest
INFO 2012-04-21 00:24:43 << :irc.canonical.org 353 katherine = #bottest :@Asmer katherine paulv 
INFO 2012-04-21 00:24:43 << :irc.canonical.org 366 katherine #bottest :End of /NAMES list.
INFO 2012-04-21 00:24:47 << :Asmer!~something@c-69-181-102-198.hsd1.ca.comcast.net PRIVMSG #bottest :might be something useful https://github.com/tbuehlmann/ponder
ERROR 2012-04-21 00:24:47 -- NameError: undefined local variable or method `bitly' for #<Object:0x7f48a8be02b0>
ERROR 2012-04-21 00:24:47 -- bot.rb:43:in `shorten'
ERROR 2012-04-21 00:24:47 -- bot.rb:49
ERROR 2012-04-21 00:24:47 -- /usr/lib/ruby/gems/1.8/gems/ponder-0.2.0/lib/ponder/callback.rb:19:in `call'
ERROR 2012-04-21 00:24:47 -- /usr/lib/ruby/gems/1.8/gems/ponder-0.2.0/lib/ponder/callback.rb:19:in `call'
ERROR 2012-04-21 00:24:47 -- /usr/lib/ruby/gems/1.8/gems/ponder-0.2.0/lib/ponder/thaum.rb:171:in `process_callbacks'
ERROR 2012-04-21 00:24:47 -- /usr/lib/ruby/gems/1.8/gems/ponder-0.2.0/lib/ponder/thaum.rb:190:in `call'
ERROR 2012-04-21 00:24:47 -- /usr/lib/ruby/gems/1.8/gems/ponder-0.2.0/lib/ponder/thaum.rb:190:in `process_callbacks'
ERROR 2012-04-21 00:24:47 -- /usr/lib/ruby/gems/1.8/gems/ponder-0.2.0/lib/ponder/thaum.rb:155:in `each'
ERROR 2012-04-21 00:24:47 -- /usr/lib/ruby/gems/1.8/gems/ponder-0.2.0/lib/ponder/thaum.rb:155:in `process_callbacks'
ERROR 2012-04-21 00:24:47 -- /usr/lib/ruby/gems/1.8/gems/ponder-0.2.0/lib/ponder/thaum.rb:212:in `parse_event'
ERROR 2012-04-21 00:24:47 -- /usr/lib/ruby/gems/1.8/gems/ponder-0.2.0/lib/ponder/thaum.rb:125:in `parse'
ERROR 2012-04-21 00:24:47 -- /usr/lib/ruby/gems/1.8/gems/ponder-0.2.0/lib/ponder/connection.rb:35:in `receive_line'
ERROR 2012-04-21 00:24:47 -- /usr/lib/ruby/gems/1.8/gems/eventmachine-1.0.0.beta.4/lib/em/protocols/linetext2.rb:64:in `receive_data'
ERROR 2012-04-21 00:24:47 -- /usr/lib/ruby/gems/1.8/gems/eventmachine-1.0.0.beta.4/lib/eventmachine.rb:179:in `run_machine'
ERROR 2012-04-21 00:24:47 -- /usr/lib/ruby/gems/1.8/gems/eventmachine-1.0.0.beta.4/lib/eventmachine.rb:179:in `run'
ERROR 2012-04-21 00:24:47 -- /usr/lib/ruby/gems/1.8/gems/ponder-0.2.0/lib/ponder/thaum.rb:105:in `connect'
ERROR 2012-04-21 00:24:47 -- bot.rb:61
INFO 2012-04-21 00:26:58 -- Ponder disconnected
INFO 2012-04-21 00:26:58 -- Reconnecting in 30 seconds
INFO 2012-04-21 00:27:37 -- Starting Ponder
INFO 2012-04-21 00:27:42 >> NICK katherine
INFO 2012-04-21 00:27:42 >> USER Ponder * * :Ponder
INFO 2012-04-21 00:27:42 << NOTICE AUTH :*** Looking up your hostname...
INFO 2012-04-21 00:27:42 << NOTICE AUTH :*** Checking Ident
INFO 2012-04-21 00:27:42 << NOTICE AUTH :*** Found your hostname
INFO 2012-04-21 00:27:45 << NOTICE AUTH :*** No Ident response
INFO 2012-04-21 00:27:45 << :irc.canonical.org 001 katherine :Welcome to the canonical Internet Relay Chat Network katherine
INFO 2012-04-21 00:27:45 << :irc.canonical.org 002 katherine :Your host is irc.canonical.org[irc.canonical.org/6667], running version hybrid-7.0
INFO 2012-04-21 00:27:45 << :irc.canonical.org 003 katherine :This server was created Sun Jul 2 2006 at 00:16:41 EDT
INFO 2012-04-21 00:27:45 << :irc.canonical.org 004 katherine irc.canonical.org hybrid-7.0 oiwszcerkfydnxbaugl biklmnopstveIha bkloveIh
INFO 2012-04-21 00:27:45 << :irc.canonical.org 005 katherine WALLCHOPS KNOCK VCHANS EXCEPTS INVEX MODES=4 MAXCHANNELS=15 MAXBANS=25 MAXTARGETS=4 NICKLEN=21 TOPICLEN=200 KICKLEN=200 :are supported by this server
INFO 2012-04-21 00:27:45 << :irc.canonical.org 005 katherine CHANTYPES=#& PREFIX=(ohv)@%+ CHANMODES=eIb,k,l,imnpst NETWORK=canonical CASEMAPPING=rfc1459 CALLERID :are supported by this server
INFO 2012-04-21 00:27:45 << :irc.canonical.org 251 katherine :There are 0 users and 9 invisible on 1 servers
INFO 2012-04-21 00:27:45 << :irc.canonical.org 252 katherine 1 :IRC Operators online
INFO 2012-04-21 00:27:45 << :irc.canonical.org 254 katherine 5 :channels formed
INFO 2012-04-21 00:27:45 << :irc.canonical.org 255 katherine :I have 9 clients and 0 servers
INFO 2012-04-21 00:27:45 << :irc.canonical.org 265 katherine :Current local  users: 9  Max: 13
INFO 2012-04-21 00:27:45 << :irc.canonical.org 266 katherine :Current global users: 9  Max: 13
INFO 2012-04-21 00:27:45 << :irc.canonical.org 250 katherine :Highest connection count: 13 (13 clients) (192 connections received)
INFO 2012-04-21 00:27:45 << NOTICE katherine :*** Notice -- motd was last changed at 2/7/2006 0:0
INFO 2012-04-21 00:27:45 << NOTICE katherine :*** Notice -- Please read the motd if you haven't read it
INFO 2012-04-21 00:27:45 << :irc.canonical.org 375 katherine :- irc.canonical.org Message of the Day - 
INFO 2012-04-21 00:27:45 << :irc.canonical.org 372 katherine :- *** This is the short motd ***
INFO 2012-04-21 00:27:45 << :irc.canonical.org 376 katherine :End of /MOTD command.
INFO 2012-04-21 00:27:45 >> JOIN #bottest
INFO 2012-04-21 00:27:45 << :katherine MODE katherine :+i
INFO 2012-04-21 00:27:45 << :katherine!~Ponder@c-69-181-102-198.hsd1.ca.comcast.net JOIN :#bottest
INFO 2012-04-21 00:27:45 << :irc.canonical.org 353 katherine = #bottest :@Asmer katherine paulv 
INFO 2012-04-21 00:27:45 << :irc.canonical.org 366 katherine #bottest :End of /NAMES list.
INFO 2012-04-21 00:28:27 << :Asmer!~something@c-69-181-102-198.hsd1.ca.comcast.net PRIVMSG #bottest :might be something useful https://github.com/tbuehlmann/ponder
ERROR 2012-04-21 00:28:28 -- NameError: undefined local variable or method `bitly' for #<Object:0x7fbca724d298>
ERROR 2012-04-21 00:28:28 -- bot.rb:43:in `shorten'
ERROR 2012-04-21 00:28:28 -- bot.rb:49
ERROR 2012-04-21 00:28:28 -- /usr/lib/ruby/gems/1.8/gems/ponder-0.2.0/lib/ponder/callback.rb:19:in `call'
ERROR 2012-04-21 00:28:28 -- /usr/lib/ruby/gems/1.8/gems/ponder-0.2.0/lib/ponder/callback.rb:19:in `call'
ERROR 2012-04-21 00:28:28 -- /usr/lib/ruby/gems/1.8/gems/ponder-0.2.0/lib/ponder/thaum.rb:171:in `process_callbacks'
ERROR 2012-04-21 00:28:28 -- /usr/lib/ruby/gems/1.8/gems/ponder-0.2.0/lib/ponder/thaum.rb:190:in `call'
ERROR 2012-04-21 00:28:28 -- /usr/lib/ruby/gems/1.8/gems/ponder-0.2.0/lib/ponder/thaum.rb:190:in `process_callbacks'
ERROR 2012-04-21 00:28:28 -- /usr/lib/ruby/gems/1.8/gems/ponder-0.2.0/lib/ponder/thaum.rb:155:in `each'
ERROR 2012-04-21 00:28:28 -- /usr/lib/ruby/gems/1.8/gems/ponder-0.2.0/lib/ponder/thaum.rb:155:in `process_callbacks'
ERROR 2012-04-21 00:28:28 -- /usr/lib/ruby/gems/1.8/gems/ponder-0.2.0/lib/ponder/thaum.rb:212:in `parse_event'
ERROR 2012-04-21 00:28:28 -- /usr/lib/ruby/gems/1.8/gems/ponder-0.2.0/lib/ponder/thaum.rb:125:in `parse'
ERROR 2012-04-21 00:28:28 -- /usr/lib/ruby/gems/1.8/gems/ponder-0.2.0/lib/ponder/connection.rb:35:in `receive_line'
ERROR 2012-04-21 00:28:28 -- /usr/lib/ruby/gems/1.8/gems/eventmachine-1.0.0.beta.4/lib/em/protocols/linetext2.rb:64:in `receive_data'
ERROR 2012-04-21 00:28:28 -- /usr/lib/ruby/gems/1.8/gems/eventmachine-1.0.0.beta.4/lib/eventmachine.rb:179:in `run_machine'
ERROR 2012-04-21 00:28:28 -- /usr/lib/ruby/gems/1.8/gems/eventmachine-1.0.0.beta.4/lib/eventmachine.rb:179:in `run'
ERROR 2012-04-21 00:28:28 -- /usr/lib/ruby/gems/1.8/gems/ponder-0.2.0/lib/ponder/thaum.rb:105:in `connect'
ERROR 2012-04-21 00:28:28 -- bot.rb:61
INFO 2012-04-21 00:28:55 -- Ponder disconnected
INFO 2012-04-21 00:28:55 -- Reconnecting in 30 seconds
INFO 2012-04-21 00:29:32 -- Starting Ponder
INFO 2012-04-21 00:29:32 >> NICK katherine
INFO 2012-04-21 00:29:32 >> USER Ponder * * :Ponder
INFO 2012-04-21 00:29:32 << NOTICE AUTH :*** Looking up your hostname...
INFO 2012-04-21 00:29:32 << NOTICE AUTH :*** Checking Ident
INFO 2012-04-21 00:29:33 << NOTICE AUTH :*** Found your hostname
INFO 2012-04-21 00:29:36 << NOTICE AUTH :*** No Ident response
INFO 2012-04-21 00:29:36 << :irc.canonical.org 001 katherine :Welcome to the canonical Internet Relay Chat Network katherine
INFO 2012-04-21 00:29:36 << :irc.canonical.org 002 katherine :Your host is irc.canonical.org[irc.canonical.org/6667], running version hybrid-7.0
INFO 2012-04-21 00:29:36 << :irc.canonical.org 003 katherine :This server was created Sun Jul 2 2006 at 00:16:41 EDT
INFO 2012-04-21 00:29:36 << :irc.canonical.org 004 katherine irc.canonical.org hybrid-7.0 oiwszcerkfydnxbaugl biklmnopstveIha bkloveIh
INFO 2012-04-21 00:29:36 << :irc.canonical.org 005 katherine WALLCHOPS KNOCK VCHANS EXCEPTS INVEX MODES=4 MAXCHANNELS=15 MAXBANS=25 MAXTARGETS=4 NICKLEN=21 TOPICLEN=200 KICKLEN=200 :are supported by this server
INFO 2012-04-21 00:29:36 << :irc.canonical.org 005 katherine CHANTYPES=#& PREFIX=(ohv)@%+ CHANMODES=eIb,k,l,imnpst NETWORK=canonical CASEMAPPING=rfc1459 CALLERID :are supported by this server
INFO 2012-04-21 00:29:36 << :irc.canonical.org 251 katherine :There are 0 users and 9 invisible on 1 servers
INFO 2012-04-21 00:29:36 << :irc.canonical.org 252 katherine 1 :IRC Operators online
INFO 2012-04-21 00:29:36 << :irc.canonical.org 254 katherine 5 :channels formed
INFO 2012-04-21 00:29:36 << :irc.canonical.org 255 katherine :I have 9 clients and 0 servers
INFO 2012-04-21 00:29:36 << :irc.canonical.org 265 katherine :Current local  users: 9  Max: 13
INFO 2012-04-21 00:29:36 << :irc.canonical.org 266 katherine :Current global users: 9  Max: 13
INFO 2012-04-21 00:29:36 << :irc.canonical.org 250 katherine :Highest connection count: 13 (13 clients) (193 connections received)
INFO 2012-04-21 00:29:36 << NOTICE katherine :*** Notice -- motd was last changed at 2/7/2006 0:0
INFO 2012-04-21 00:29:36 << NOTICE katherine :*** Notice -- Please read the motd if you haven't read it
INFO 2012-04-21 00:29:36 << :irc.canonical.org 375 katherine :- irc.canonical.org Message of the Day - 
INFO 2012-04-21 00:29:36 << :irc.canonical.org 372 katherine :- *** This is the short motd ***
INFO 2012-04-21 00:29:36 << :irc.canonical.org 376 katherine :End of /MOTD command.
INFO 2012-04-21 00:29:36 >> JOIN #bottest
INFO 2012-04-21 00:29:36 << :katherine MODE katherine :+i
INFO 2012-04-21 00:29:36 << :katherine!~Ponder@c-69-181-102-198.hsd1.ca.comcast.net JOIN :#bottest
INFO 2012-04-21 00:29:36 << :irc.canonical.org 353 katherine = #bottest :@Asmer katherine paulv 
INFO 2012-04-21 00:29:36 << :irc.canonical.org 366 katherine #bottest :End of /NAMES list.
INFO 2012-04-21 00:30:03 << :Asmer!~something@c-69-181-102-198.hsd1.ca.comcast.net PRIVMSG #bottest :might be something useful https://github.com/tbuehlmann/ponder
ERROR 2012-04-21 00:30:05 -- BitlyError: MISSING_ARG_APIKEY - '500'
ERROR 2012-04-21 00:30:05 -- /usr/lib/ruby/gems/1.8/gems/bitly-0.7.0/lib/bitly/v3/client.rb:129:in `get'
ERROR 2012-04-21 00:30:05 -- /usr/lib/ruby/gems/1.8/gems/bitly-0.7.0/lib/bitly/v3/client.rb:39:in `shorten'
ERROR 2012-04-21 00:30:05 -- bot.rb:43:in `shorten'
ERROR 2012-04-21 00:30:05 -- bot.rb:49
ERROR 2012-04-21 00:30:05 -- /usr/lib/ruby/gems/1.8/gems/ponder-0.2.0/lib/ponder/callback.rb:19:in `call'
ERROR 2012-04-21 00:30:05 -- /usr/lib/ruby/gems/1.8/gems/ponder-0.2.0/lib/ponder/callback.rb:19:in `call'
ERROR 2012-04-21 00:30:05 -- /usr/lib/ruby/gems/1.8/gems/ponder-0.2.0/lib/ponder/thaum.rb:171:in `process_callbacks'
ERROR 2012-04-21 00:30:05 -- /usr/lib/ruby/gems/1.8/gems/ponder-0.2.0/lib/ponder/thaum.rb:190:in `call'
ERROR 2012-04-21 00:30:05 -- /usr/lib/ruby/gems/1.8/gems/ponder-0.2.0/lib/ponder/thaum.rb:190:in `process_callbacks'
ERROR 2012-04-21 00:30:05 -- /usr/lib/ruby/gems/1.8/gems/ponder-0.2.0/lib/ponder/thaum.rb:155:in `each'
ERROR 2012-04-21 00:30:05 -- /usr/lib/ruby/gems/1.8/gems/ponder-0.2.0/lib/ponder/thaum.rb:155:in `process_callbacks'
ERROR 2012-04-21 00:30:05 -- /usr/lib/ruby/gems/1.8/gems/ponder-0.2.0/lib/ponder/thaum.rb:212:in `parse_event'
ERROR 2012-04-21 00:30:05 -- /usr/lib/ruby/gems/1.8/gems/ponder-0.2.0/lib/ponder/thaum.rb:125:in `parse'
ERROR 2012-04-21 00:30:05 -- /usr/lib/ruby/gems/1.8/gems/ponder-0.2.0/lib/ponder/connection.rb:35:in `receive_line'
ERROR 2012-04-21 00:30:05 -- /usr/lib/ruby/gems/1.8/gems/eventmachine-1.0.0.beta.4/lib/em/protocols/linetext2.rb:64:in `receive_data'
ERROR 2012-04-21 00:30:05 -- /usr/lib/ruby/gems/1.8/gems/eventmachine-1.0.0.beta.4/lib/eventmachine.rb:179:in `run_machine'
ERROR 2012-04-21 00:30:05 -- /usr/lib/ruby/gems/1.8/gems/eventmachine-1.0.0.beta.4/lib/eventmachine.rb:179:in `run'
ERROR 2012-04-21 00:30:05 -- /usr/lib/ruby/gems/1.8/gems/ponder-0.2.0/lib/ponder/thaum.rb:105:in `connect'
ERROR 2012-04-21 00:30:05 -- bot.rb:61
INFO 2012-04-21 00:31:48 << PING :irc.canonical.org
INFO 2012-04-21 00:31:48 >> PONG :irc.canonical.org
INFO 2012-04-21 00:34:00 << PING :irc.canonical.org
INFO 2012-04-21 00:34:00 >> PONG :irc.canonical.org
INFO 2012-04-21 00:34:06 -- Ponder disconnected
INFO 2012-04-21 00:34:06 -- Reconnecting in 30 seconds
INFO 2012-04-21 00:34:46 -- Starting Ponder
INFO 2012-04-21 00:34:47 >> NICK katherine
INFO 2012-04-21 00:34:47 >> USER Ponder * * :Ponder
INFO 2012-04-21 00:34:47 << NOTICE AUTH :*** Looking up your hostname...
INFO 2012-04-21 00:34:47 << NOTICE AUTH :*** Checking Ident
INFO 2012-04-21 00:34:47 << NOTICE AUTH :*** Found your hostname
INFO 2012-04-21 00:34:50 << NOTICE AUTH :*** No Ident response
INFO 2012-04-21 00:34:50 << :irc.canonical.org 001 katherine :Welcome to the canonical Internet Relay Chat Network katherine
INFO 2012-04-21 00:34:50 << :irc.canonical.org 002 katherine :Your host is irc.canonical.org[irc.canonical.org/6667], running version hybrid-7.0
INFO 2012-04-21 00:34:50 << :irc.canonical.org 003 katherine :This server was created Sun Jul 2 2006 at 00:16:41 EDT
INFO 2012-04-21 00:34:50 << :irc.canonical.org 004 katherine irc.canonical.org hybrid-7.0 oiwszcerkfydnxbaugl biklmnopstveIha bkloveIh
INFO 2012-04-21 00:34:50 << :irc.canonical.org 005 katherine WALLCHOPS KNOCK VCHANS EXCEPTS INVEX MODES=4 MAXCHANNELS=15 MAXBANS=25 MAXTARGETS=4 NICKLEN=21 TOPICLEN=200 KICKLEN=200 :are supported by this server
INFO 2012-04-21 00:34:50 << :irc.canonical.org 005 katherine CHANTYPES=#& PREFIX=(ohv)@%+ CHANMODES=eIb,k,l,imnpst NETWORK=canonical CASEMAPPING=rfc1459 CALLERID :are supported by this server
INFO 2012-04-21 00:34:50 << :irc.canonical.org 251 katherine :There are 0 users and 9 invisible on 1 servers
INFO 2012-04-21 00:34:50 << :irc.canonical.org 252 katherine 1 :IRC Operators online
INFO 2012-04-21 00:34:50 << :irc.canonical.org 254 katherine 5 :channels formed
INFO 2012-04-21 00:34:50 << :irc.canonical.org 255 katherine :I have 9 clients and 0 servers
INFO 2012-04-21 00:34:50 << :irc.canonical.org 265 katherine :Current local  users: 9  Max: 13
INFO 2012-04-21 00:34:50 << :irc.canonical.org 266 katherine :Current global users: 9  Max: 13
INFO 2012-04-21 00:34:50 << :irc.canonical.org 250 katherine :Highest connection count: 13 (13 clients) (194 connections received)
INFO 2012-04-21 00:34:50 << NOTICE katherine :*** Notice -- motd was last changed at 2/7/2006 0:0
INFO 2012-04-21 00:34:50 << NOTICE katherine :*** Notice -- Please read the motd if you haven't read it
INFO 2012-04-21 00:34:50 << :irc.canonical.org 375 katherine :- irc.canonical.org Message of the Day - 
INFO 2012-04-21 00:34:50 << :irc.canonical.org 372 katherine :- *** This is the short motd ***
INFO 2012-04-21 00:34:50 << :irc.canonical.org 376 katherine :End of /MOTD command.
INFO 2012-04-21 00:34:50 >> JOIN #bottest
INFO 2012-04-21 00:34:50 << :katherine MODE katherine :+i
INFO 2012-04-21 00:34:50 << :katherine!~Ponder@c-69-181-102-198.hsd1.ca.comcast.net JOIN :#bottest
INFO 2012-04-21 00:34:50 << :irc.canonical.org 353 katherine = #bottest :@Asmer katherine paulv 
INFO 2012-04-21 00:34:50 << :irc.canonical.org 366 katherine #bottest :End of /NAMES list.
INFO 2012-04-21 00:36:56 << PING :irc.canonical.org
INFO 2012-04-21 00:36:56 >> PONG :irc.canonical.org
INFO 2012-04-21 00:39:08 << PING :irc.canonical.org
INFO 2012-04-21 00:39:08 >> PONG :irc.canonical.org
INFO 2012-04-21 00:41:20 << PING :irc.canonical.org
INFO 2012-04-21 00:41:20 >> PONG :irc.canonical.org
INFO 2012-04-21 00:43:32 << PING :irc.canonical.org
INFO 2012-04-21 00:43:32 >> PONG :irc.canonical.org
INFO 2012-04-21 00:45:44 << PING :irc.canonical.org
INFO 2012-04-21 00:45:44 >> PONG :irc.canonical.org
INFO 2012-04-21 00:47:56 << PING :irc.canonical.org
INFO 2012-04-21 00:47:56 >> PONG :irc.canonical.org
INFO 2012-04-21 00:50:08 << PING :irc.canonical.org
INFO 2012-04-21 00:50:08 >> PONG :irc.canonical.org
INFO 2012-04-21 00:52:20 << PING :irc.canonical.org
INFO 2012-04-21 00:52:20 >> PONG :irc.canonical.org
INFO 2012-04-21 00:54:32 << PING :irc.canonical.org
INFO 2012-04-21 00:54:32 >> PONG :irc.canonical.org
INFO 2012-04-21 00:56:44 << PING :irc.canonical.org
INFO 2012-04-21 00:56:44 >> PONG :irc.canonical.org
INFO 2012-04-21 00:58:56 << PING :irc.canonical.org
INFO 2012-04-21 00:58:56 >> PONG :irc.canonical.org
INFO 2012-04-21 01:01:08 << PING :irc.canonical.org
INFO 2012-04-21 01:01:08 >> PONG :irc.canonical.org
INFO 2012-04-21 01:03:20 << PING :irc.canonical.org
INFO 2012-04-21 01:03:20 >> PONG :irc.canonical.org
INFO 2012-04-21 01:05:32 << PING :irc.canonical.org
INFO 2012-04-21 01:05:32 >> PONG :irc.canonical.org
INFO 2012-04-21 01:07:44 << PING :irc.canonical.org
INFO 2012-04-21 01:07:44 >> PONG :irc.canonical.org
INFO 2012-04-21 01:09:56 << PING :irc.canonical.org
INFO 2012-04-21 01:09:56 >> PONG :irc.canonical.org
INFO 2012-04-21 01:12:08 << PING :irc.canonical.org
INFO 2012-04-21 01:12:08 >> PONG :irc.canonical.org
INFO 2012-04-21 01:14:20 << PING :irc.canonical.org
INFO 2012-04-21 01:14:20 >> PONG :irc.canonical.org
INFO 2012-04-21 01:16:32 << PING :irc.canonical.org
INFO 2012-04-21 01:16:32 >> PONG :irc.canonical.org
INFO 2012-04-21 01:18:44 << PING :irc.canonical.org
INFO 2012-04-21 01:18:44 >> PONG :irc.canonical.org
INFO 2012-04-21 01:20:56 << PING :irc.canonical.org
INFO 2012-04-21 01:20:56 >> PONG :irc.canonical.org
INFO 2012-04-21 01:23:08 << PING :irc.canonical.org
INFO 2012-04-21 01:23:08 >> PONG :irc.canonical.org
INFO 2012-04-21 01:25:20 << PING :irc.canonical.org
INFO 2012-04-21 01:25:20 >> PONG :irc.canonical.org
INFO 2012-04-21 01:27:32 << PING :irc.canonical.org
INFO 2012-04-21 01:27:32 >> PONG :irc.canonical.org
INFO 2012-04-21 01:29:44 << PING :irc.canonical.org
INFO 2012-04-21 01:29:44 >> PONG :irc.canonical.org
INFO 2012-04-21 01:31:56 << PING :irc.canonical.org
INFO 2012-04-21 01:31:56 >> PONG :irc.canonical.org
INFO 2012-04-21 01:34:08 << PING :irc.canonical.org
INFO 2012-04-21 01:34:08 >> PONG :irc.canonical.org
INFO 2012-04-21 01:36:21 << PING :irc.canonical.org
INFO 2012-04-21 01:36:21 >> PONG :irc.canonical.org
INFO 2012-04-21 01:38:32 << PING :irc.canonical.org
INFO 2012-04-21 01:38:32 >> PONG :irc.canonical.org
INFO 2012-04-21 01:40:44 << PING :irc.canonical.org
INFO 2012-04-21 01:40:44 >> PONG :irc.canonical.org
INFO 2012-04-21 01:42:56 << PING :irc.canonical.org
INFO 2012-04-21 01:42:56 >> PONG :irc.canonical.org
INFO 2012-04-21 01:45:08 << PING :irc.canonical.org
INFO 2012-04-21 01:45:08 >> PONG :irc.canonical.org
INFO 2012-04-21 01:47:20 << PING :irc.canonical.org
INFO 2012-04-21 01:47:20 >> PONG :irc.canonical.org
INFO 2012-04-21 01:49:33 << PING :irc.canonical.org
INFO 2012-04-21 01:49:33 >> PONG :irc.canonical.org
INFO 2012-04-21 01:51:44 << PING :irc.canonical.org
INFO 2012-04-21 01:51:44 >> PONG :irc.canonical.org
INFO 2012-04-21 01:53:56 << PING :irc.canonical.org
INFO 2012-04-21 01:53:56 >> PONG :irc.canonical.org
INFO 2012-04-21 01:56:08 << PING :irc.canonical.org
INFO 2012-04-21 01:56:08 >> PONG :irc.canonical.org
INFO 2012-04-21 01:58:20 << PING :irc.canonical.org
INFO 2012-04-21 01:58:20 >> PONG :irc.canonical.org
INFO 2012-04-21 02:00:32 << PING :irc.canonical.org
INFO 2012-04-21 02:00:32 >> PONG :irc.canonical.org
INFO 2012-04-21 02:02:44 << PING :irc.canonical.org
INFO 2012-04-21 02:02:45 >> PONG :irc.canonical.org
INFO 2012-04-21 02:04:56 << PING :irc.canonical.org
INFO 2012-04-21 02:04:56 >> PONG :irc.canonical.org
INFO 2012-04-21 02:07:09 << PING :irc.canonical.org
INFO 2012-04-21 02:07:09 >> PONG :irc.canonical.org
INFO 2012-04-21 02:09:20 << PING :irc.canonical.org
INFO 2012-04-21 02:09:20 >> PONG :irc.canonical.org
INFO 2012-04-21 02:11:32 << PING :irc.canonical.org
INFO 2012-04-21 02:11:32 >> PONG :irc.canonical.org
INFO 2012-04-21 02:13:45 << PING :irc.canonical.org
INFO 2012-04-21 02:13:45 >> PONG :irc.canonical.org
INFO 2012-04-21 02:15:57 << PING :irc.canonical.org
INFO 2012-04-21 02:15:57 >> PONG :irc.canonical.org
INFO 2012-04-21 02:18:08 << PING :irc.canonical.org
INFO 2012-04-21 02:18:08 >> PONG :irc.canonical.org
INFO 2012-04-21 02:20:20 << PING :irc.canonical.org
INFO 2012-04-21 02:20:20 >> PONG :irc.canonical.org
INFO 2012-04-21 02:22:33 << PING :irc.canonical.org
INFO 2012-04-21 02:22:33 >> PONG :irc.canonical.org
INFO 2012-04-21 02:24:44 << PING :irc.canonical.org
INFO 2012-04-21 02:24:44 >> PONG :irc.canonical.org
INFO 2012-04-21 02:25:09 << :Asmer!~something@c-69-181-102-198.hsd1.ca.comcast.net PRIVMSG #bottest :https://github.com/cinchrb/cinch 
ERROR 2012-04-21 02:25:10 -- BitlyError: MISSING_ARG_APIKEY - '500'
ERROR 2012-04-21 02:25:10 -- /usr/lib/ruby/gems/1.8/gems/bitly-0.7.0/lib/bitly/v3/client.rb:129:in `get'
ERROR 2012-04-21 02:25:10 -- /usr/lib/ruby/gems/1.8/gems/bitly-0.7.0/lib/bitly/v3/client.rb:39:in `shorten'
ERROR 2012-04-21 02:25:10 -- bot.rb:43:in `shorten'
ERROR 2012-04-21 02:25:10 -- bot.rb:49
ERROR 2012-04-21 02:25:10 -- /usr/lib/ruby/gems/1.8/gems/ponder-0.2.0/lib/ponder/callback.rb:19:in `call'
ERROR 2012-04-21 02:25:10 -- /usr/lib/ruby/gems/1.8/gems/ponder-0.2.0/lib/ponder/callback.rb:19:in `call'
ERROR 2012-04-21 02:25:10 -- /usr/lib/ruby/gems/1.8/gems/ponder-0.2.0/lib/ponder/thaum.rb:171:in `process_callbacks'
ERROR 2012-04-21 02:25:10 -- /usr/lib/ruby/gems/1.8/gems/ponder-0.2.0/lib/ponder/thaum.rb:190:in `call'
ERROR 2012-04-21 02:25:10 -- /usr/lib/ruby/gems/1.8/gems/ponder-0.2.0/lib/ponder/thaum.rb:190:in `process_callbacks'
ERROR 2012-04-21 02:25:10 -- /usr/lib/ruby/gems/1.8/gems/ponder-0.2.0/lib/ponder/thaum.rb:155:in `each'
ERROR 2012-04-21 02:25:10 -- /usr/lib/ruby/gems/1.8/gems/ponder-0.2.0/lib/ponder/thaum.rb:155:in `process_callbacks'
ERROR 2012-04-21 02:25:10 -- /usr/lib/ruby/gems/1.8/gems/ponder-0.2.0/lib/ponder/thaum.rb:212:in `parse_event'
ERROR 2012-04-21 02:25:10 -- /usr/lib/ruby/gems/1.8/gems/ponder-0.2.0/lib/ponder/thaum.rb:125:in `parse'
ERROR 2012-04-21 02:25:10 -- /usr/lib/ruby/gems/1.8/gems/ponder-0.2.0/lib/ponder/connection.rb:35:in `receive_line'
ERROR 2012-04-21 02:25:10 -- /usr/lib/ruby/gems/1.8/gems/eventmachine-1.0.0.beta.4/lib/em/protocols/linetext2.rb:64:in `receive_data'
ERROR 2012-04-21 02:25:10 -- /usr/lib/ruby/gems/1.8/gems/eventmachine-1.0.0.beta.4/lib/eventmachine.rb:179:in `run_machine'
ERROR 2012-04-21 02:25:10 -- /usr/lib/ruby/gems/1.8/gems/eventmachine-1.0.0.beta.4/lib/eventmachine.rb:179:in `run'
ERROR 2012-04-21 02:25:10 -- /usr/lib/ruby/gems/1.8/gems/ponder-0.2.0/lib/ponder/thaum.rb:105:in `connect'
ERROR 2012-04-21 02:25:10 -- bot.rb:61
INFO 2012-04-21 02:25:17 << :Asmer!~something@c-69-181-102-198.hsd1.ca.comcast.net PRIVMSG #bottest :goingto bed
INFO 2012-04-21 02:26:56 << PING :irc.canonical.org
INFO 2012-04-21 02:26:56 >> PONG :irc.canonical.org
INFO 2012-04-21 02:29:08 << PING :irc.canonical.org
INFO 2012-04-21 02:29:08 >> PONG :irc.canonical.org
INFO 2012-04-21 02:31:20 << PING :irc.canonical.org
INFO 2012-04-21 02:31:20 >> PONG :irc.canonical.org
INFO 2012-04-21 02:33:33 << PING :irc.canonical.org
INFO 2012-04-21 02:33:33 >> PONG :irc.canonical.org
INFO 2012-04-21 02:35:45 << PING :irc.canonical.org
INFO 2012-04-21 02:35:45 >> PONG :irc.canonical.org
INFO 2012-04-21 02:37:56 << PING :irc.canonical.org
INFO 2012-04-21 02:37:56 >> PONG :irc.canonical.org
INFO 2012-04-21 02:40:09 << PING :irc.canonical.org
INFO 2012-04-21 02:40:09 >> PONG :irc.canonical.org
INFO 2012-04-21 02:42:21 << PING :irc.canonical.org
INFO 2012-04-21 02:42:21 >> PONG :irc.canonical.org
INFO 2012-04-21 02:44:33 << PING :irc.canonical.org
INFO 2012-04-21 02:44:33 >> PONG :irc.canonical.org
INFO 2012-04-21 02:46:44 << PING :irc.canonical.org
INFO 2012-04-21 02:46:44 >> PONG :irc.canonical.org
INFO 2012-04-21 02:48:57 << PING :irc.canonical.org
INFO 2012-04-21 02:48:57 >> PONG :irc.canonical.org
INFO 2012-04-21 02:51:09 << PING :irc.canonical.org
INFO 2012-04-21 02:51:09 >> PONG :irc.canonical.org
INFO 2012-04-21 02:53:20 << PING :irc.canonical.org
INFO 2012-04-21 02:53:20 >> PONG :irc.canonical.org
INFO 2012-04-21 02:55:32 << PING :irc.canonical.org
INFO 2012-04-21 02:55:32 >> PONG :irc.canonical.org
INFO 2012-04-21 02:57:44 << PING :irc.canonical.org
INFO 2012-04-21 02:57:44 >> PONG :irc.canonical.org
INFO 2012-04-21 02:59:57 << PING :irc.canonical.org
INFO 2012-04-21 02:59:57 >> PONG :irc.canonical.org
INFO 2012-04-21 03:02:08 << PING :irc.canonical.org
INFO 2012-04-21 03:02:08 >> PONG :irc.canonical.org
INFO 2012-04-21 03:04:20 << PING :irc.canonical.org
INFO 2012-04-21 03:04:20 >> PONG :irc.canonical.org
INFO 2012-04-21 03:06:33 << PING :irc.canonical.org
INFO 2012-04-21 03:06:33 >> PONG :irc.canonical.org
INFO 2012-04-21 03:08:45 << PING :irc.canonical.org
INFO 2012-04-21 03:08:45 >> PONG :irc.canonical.org
INFO 2012-04-21 03:10:56 << PING :irc.canonical.org
INFO 2012-04-21 03:10:56 >> PONG :irc.canonical.org
INFO 2012-04-21 03:13:08 << PING :irc.canonical.org
INFO 2012-04-21 03:13:08 >> PONG :irc.canonical.org
INFO 2012-04-21 03:15:21 << PING :irc.canonical.org
INFO 2012-04-21 03:15:21 >> PONG :irc.canonical.org
INFO 2012-04-21 03:17:33 << PING :irc.canonical.org
INFO 2012-04-21 03:17:33 >> PONG :irc.canonical.org
INFO 2012-04-21 03:19:44 << PING :irc.canonical.org
INFO 2012-04-21 03:19:44 >> PONG :irc.canonical.org
INFO 2012-04-21 03:21:57 << PING :irc.canonical.org
INFO 2012-04-21 03:21:57 >> PONG :irc.canonical.org
INFO 2012-04-21 03:24:09 << PING :irc.canonical.org
INFO 2012-04-21 03:24:09 >> PONG :irc.canonical.org
INFO 2012-04-21 03:26:20 << PING :irc.canonical.org
INFO 2012-04-21 03:26:20 >> PONG :irc.canonical.org
INFO 2012-04-21 03:28:32 << PING :irc.canonical.org
INFO 2012-04-21 03:28:32 >> PONG :irc.canonical.org
INFO 2012-04-21 03:30:44 << PING :irc.canonical.org
INFO 2012-04-21 03:30:44 >> PONG :irc.canonical.org
INFO 2012-04-21 03:32:57 << PING :irc.canonical.org
INFO 2012-04-21 03:32:57 >> PONG :irc.canonical.org
INFO 2012-04-21 03:35:09 << PING :irc.canonical.org
INFO 2012-04-21 03:35:09 >> PONG :irc.canonical.org
INFO 2012-04-21 03:37:20 << PING :irc.canonical.org
INFO 2012-04-21 03:37:20 >> PONG :irc.canonical.org
INFO 2012-04-21 03:39:32 << PING :irc.canonical.org
INFO 2012-04-21 03:39:32 >> PONG :irc.canonical.org
INFO 2012-04-21 03:41:45 << PING :irc.canonical.org
INFO 2012-04-21 03:41:45 >> PONG :irc.canonical.org
INFO 2012-04-21 03:43:57 << PING :irc.canonical.org
INFO 2012-04-21 03:43:57 >> PONG :irc.canonical.org
INFO 2012-04-21 03:46:09 << PING :irc.canonical.org
INFO 2012-04-21 03:46:09 >> PONG :irc.canonical.org
INFO 2012-04-21 03:48:21 << PING :irc.canonical.org
INFO 2012-04-21 03:48:21 >> PONG :irc.canonical.org
INFO 2012-04-21 03:50:33 << PING :irc.canonical.org
INFO 2012-04-21 03:50:33 >> PONG :irc.canonical.org
INFO 2012-04-21 03:52:45 << PING :irc.canonical.org
INFO 2012-04-21 03:52:45 >> PONG :irc.canonical.org
INFO 2012-04-21 03:54:57 << PING :irc.canonical.org
INFO 2012-04-21 03:54:57 >> PONG :irc.canonical.org
INFO 2012-04-21 03:57:09 << PING :irc.canonical.org
INFO 2012-04-21 03:57:09 >> PONG :irc.canonical.org
INFO 2012-04-21 03:59:21 << PING :irc.canonical.org
INFO 2012-04-21 03:59:21 >> PONG :irc.canonical.org
INFO 2012-04-21 04:01:33 << PING :irc.canonical.org
INFO 2012-04-21 04:01:33 >> PONG :irc.canonical.org
INFO 2012-04-21 04:03:45 << PING :irc.canonical.org
INFO 2012-04-21 04:03:45 >> PONG :irc.canonical.org
INFO 2012-04-21 04:05:57 << PING :irc.canonical.org
INFO 2012-04-21 04:05:57 >> PONG :irc.canonical.org
INFO 2012-04-21 04:08:09 << PING :irc.canonical.org
INFO 2012-04-21 04:08:09 >> PONG :irc.canonical.org
INFO 2012-04-21 04:10:21 << PING :irc.canonical.org
INFO 2012-04-21 04:10:21 >> PONG :irc.canonical.org
INFO 2012-04-21 04:12:33 << PING :irc.canonical.org
INFO 2012-04-21 04:12:33 >> PONG :irc.canonical.org
INFO 2012-04-21 04:14:45 << PING :irc.canonical.org
INFO 2012-04-21 04:14:45 >> PONG :irc.canonical.org
INFO 2012-04-21 04:16:57 << PING :irc.canonical.org
INFO 2012-04-21 04:16:57 >> PONG :irc.canonical.org
INFO 2012-04-21 04:19:09 << PING :irc.canonical.org
INFO 2012-04-21 04:19:09 >> PONG :irc.canonical.org
INFO 2012-04-21 04:21:21 << PING :irc.canonical.org
INFO 2012-04-21 04:21:21 >> PONG :irc.canonical.org
INFO 2012-04-21 04:23:33 << PING :irc.canonical.org
INFO 2012-04-21 04:23:33 >> PONG :irc.canonical.org
INFO 2012-04-21 04:25:45 << PING :irc.canonical.org
INFO 2012-04-21 04:25:45 >> PONG :irc.canonical.org
INFO 2012-04-21 04:27:57 << PING :irc.canonical.org
INFO 2012-04-21 04:27:57 >> PONG :irc.canonical.org
INFO 2012-04-21 04:30:09 << PING :irc.canonical.org
INFO 2012-04-21 04:30:09 >> PONG :irc.canonical.org
INFO 2012-04-21 04:32:21 << PING :irc.canonical.org
INFO 2012-04-21 04:32:21 >> PONG :irc.canonical.org
INFO 2012-04-21 04:34:33 << PING :irc.canonical.org
INFO 2012-04-21 04:34:33 >> PONG :irc.canonical.org
INFO 2012-04-21 04:36:45 << PING :irc.canonical.org
INFO 2012-04-21 04:36:45 >> PONG :irc.canonical.org
INFO 2012-04-21 04:38:57 << PING :irc.canonical.org
INFO 2012-04-21 04:38:57 >> PONG :irc.canonical.org
INFO 2012-04-21 04:41:09 << PING :irc.canonical.org
INFO 2012-04-21 04:41:09 >> PONG :irc.canonical.org
INFO 2012-04-21 04:43:21 << PING :irc.canonical.org
INFO 2012-04-21 04:43:21 >> PONG :irc.canonical.org
INFO 2012-04-21 04:45:33 << PING :irc.canonical.org
INFO 2012-04-21 04:45:33 >> PONG :irc.canonical.org
INFO 2012-04-21 04:47:45 << PING :irc.canonical.org
INFO 2012-04-21 04:47:45 >> PONG :irc.canonical.org
INFO 2012-04-21 04:49:57 << PING :irc.canonical.org
INFO 2012-04-21 04:49:57 >> PONG :irc.canonical.org
INFO 2012-04-21 04:52:09 << PING :irc.canonical.org
INFO 2012-04-21 04:52:09 >> PONG :irc.canonical.org
INFO 2012-04-21 04:54:21 << PING :irc.canonical.org
INFO 2012-04-21 04:54:21 >> PONG :irc.canonical.org
INFO 2012-04-21 04:56:33 << PING :irc.canonical.org
INFO 2012-04-21 04:56:33 >> PONG :irc.canonical.org
INFO 2012-04-21 04:58:45 << PING :irc.canonical.org
INFO 2012-04-21 04:58:45 >> PONG :irc.canonical.org
INFO 2012-04-21 05:00:57 << PING :irc.canonical.org
INFO 2012-04-21 05:00:57 >> PONG :irc.canonical.org
INFO 2012-04-21 05:03:09 << PING :irc.canonical.org
INFO 2012-04-21 05:03:09 >> PONG :irc.canonical.org
INFO 2012-04-21 05:05:21 << PING :irc.canonical.org
INFO 2012-04-21 05:05:21 >> PONG :irc.canonical.org
INFO 2012-04-21 05:07:33 << PING :irc.canonical.org
INFO 2012-04-21 05:07:33 >> PONG :irc.canonical.org
INFO 2012-04-21 05:09:45 << PING :irc.canonical.org
INFO 2012-04-21 05:09:45 >> PONG :irc.canonical.org
INFO 2012-04-21 05:11:57 << PING :irc.canonical.org
INFO 2012-04-21 05:11:57 >> PONG :irc.canonical.org
INFO 2012-04-21 05:14:09 << PING :irc.canonical.org
INFO 2012-04-21 05:14:09 >> PONG :irc.canonical.org
INFO 2012-04-21 05:16:21 << PING :irc.canonical.org
INFO 2012-04-21 05:16:21 >> PONG :irc.canonical.org
INFO 2012-04-21 05:18:33 << PING :irc.canonical.org
INFO 2012-04-21 05:18:33 >> PONG :irc.canonical.org
INFO 2012-04-21 05:20:45 << PING :irc.canonical.org
INFO 2012-04-21 05:20:45 >> PONG :irc.canonical.org
INFO 2012-04-21 05:22:57 << PING :irc.canonical.org
INFO 2012-04-21 05:22:57 >> PONG :irc.canonical.org
INFO 2012-04-21 05:25:09 << PING :irc.canonical.org
INFO 2012-04-21 05:25:09 >> PONG :irc.canonical.org
INFO 2012-04-21 05:27:21 << PING :irc.canonical.org
INFO 2012-04-21 05:27:21 >> PONG :irc.canonical.org
INFO 2012-04-21 05:29:33 << PING :irc.canonical.org
INFO 2012-04-21 05:29:33 >> PONG :irc.canonical.org
INFO 2012-04-21 05:31:45 << PING :irc.canonical.org
INFO 2012-04-21 05:31:45 >> PONG :irc.canonical.org
INFO 2012-04-21 05:33:57 << PING :irc.canonical.org
INFO 2012-04-21 05:33:57 >> PONG :irc.canonical.org
INFO 2012-04-21 05:36:09 << PING :irc.canonical.org
INFO 2012-04-21 05:36:09 >> PONG :irc.canonical.org
INFO 2012-04-21 05:38:21 << PING :irc.canonical.org
INFO 2012-04-21 05:38:21 >> PONG :irc.canonical.org
INFO 2012-04-21 05:40:33 << PING :irc.canonical.org
INFO 2012-04-21 05:40:33 >> PONG :irc.canonical.org
INFO 2012-04-21 05:42:45 << PING :irc.canonical.org
INFO 2012-04-21 05:42:45 >> PONG :irc.canonical.org
INFO 2012-04-21 05:44:57 << PING :irc.canonical.org
INFO 2012-04-21 05:44:57 >> PONG :irc.canonical.org
INFO 2012-04-21 05:47:09 << PING :irc.canonical.org
INFO 2012-04-21 05:47:09 >> PONG :irc.canonical.org
INFO 2012-04-21 05:49:21 << PING :irc.canonical.org
INFO 2012-04-21 05:49:21 >> PONG :irc.canonical.org
INFO 2012-04-21 05:51:33 << PING :irc.canonical.org
INFO 2012-04-21 05:51:33 >> PONG :irc.canonical.org
INFO 2012-04-21 05:53:45 << PING :irc.canonical.org
INFO 2012-04-21 05:53:45 >> PONG :irc.canonical.org
INFO 2012-04-21 05:55:57 << PING :irc.canonical.org
INFO 2012-04-21 05:55:57 >> PONG :irc.canonical.org
INFO 2012-04-21 05:58:09 << PING :irc.canonical.org
INFO 2012-04-21 05:58:09 >> PONG :irc.canonical.org
INFO 2012-04-21 06:00:21 << PING :irc.canonical.org
INFO 2012-04-21 06:00:21 >> PONG :irc.canonical.org
INFO 2012-04-21 06:02:33 << PING :irc.canonical.org
INFO 2012-04-21 06:02:33 >> PONG :irc.canonical.org
INFO 2012-04-21 06:04:45 << PING :irc.canonical.org
INFO 2012-04-21 06:04:45 >> PONG :irc.canonical.org
INFO 2012-04-21 06:06:57 << PING :irc.canonical.org
INFO 2012-04-21 06:06:57 >> PONG :irc.canonical.org
INFO 2012-04-21 06:09:09 << PING :irc.canonical.org
INFO 2012-04-21 06:09:09 >> PONG :irc.canonical.org
INFO 2012-04-21 06:11:21 << PING :irc.canonical.org
INFO 2012-04-21 06:11:21 >> PONG :irc.canonical.org
INFO 2012-04-21 06:13:33 << PING :irc.canonical.org
INFO 2012-04-21 06:13:33 >> PONG :irc.canonical.org
INFO 2012-04-21 06:15:45 << PING :irc.canonical.org
INFO 2012-04-21 06:15:45 >> PONG :irc.canonical.org
INFO 2012-04-21 06:17:57 << PING :irc.canonical.org
INFO 2012-04-21 06:17:57 >> PONG :irc.canonical.org
INFO 2012-04-21 06:20:09 << PING :irc.canonical.org
INFO 2012-04-21 06:20:09 >> PONG :irc.canonical.org
INFO 2012-04-21 06:22:21 << PING :irc.canonical.org
INFO 2012-04-21 06:22:21 >> PONG :irc.canonical.org
INFO 2012-04-21 06:24:33 << PING :irc.canonical.org
INFO 2012-04-21 06:24:33 >> PONG :irc.canonical.org
INFO 2012-04-21 06:26:45 << PING :irc.canonical.org
INFO 2012-04-21 06:26:45 >> PONG :irc.canonical.org
INFO 2012-04-21 06:28:57 << PING :irc.canonical.org
INFO 2012-04-21 06:28:57 >> PONG :irc.canonical.org
INFO 2012-04-21 06:31:09 << PING :irc.canonical.org
INFO 2012-04-21 06:31:09 >> PONG :irc.canonical.org
INFO 2012-04-21 06:33:21 << PING :irc.canonical.org
INFO 2012-04-21 06:33:21 >> PONG :irc.canonical.org
INFO 2012-04-21 06:35:33 << PING :irc.canonical.org
INFO 2012-04-21 06:35:33 >> PONG :irc.canonical.org
INFO 2012-04-21 06:37:45 << PING :irc.canonical.org
INFO 2012-04-21 06:37:45 >> PONG :irc.canonical.org
INFO 2012-04-21 06:39:57 << PING :irc.canonical.org
INFO 2012-04-21 06:39:57 >> PONG :irc.canonical.org
INFO 2012-04-21 06:42:09 << PING :irc.canonical.org
INFO 2012-04-21 06:42:09 >> PONG :irc.canonical.org
INFO 2012-04-21 06:44:21 << PING :irc.canonical.org
INFO 2012-04-21 06:44:21 >> PONG :irc.canonical.org
INFO 2012-04-21 06:46:33 << PING :irc.canonical.org
INFO 2012-04-21 06:46:33 >> PONG :irc.canonical.org
INFO 2012-04-21 06:48:45 << PING :irc.canonical.org
INFO 2012-04-21 06:48:45 >> PONG :irc.canonical.org
INFO 2012-04-21 06:50:57 << PING :irc.canonical.org
INFO 2012-04-21 06:50:57 >> PONG :irc.canonical.org
INFO 2012-04-21 06:53:09 << PING :irc.canonical.org
INFO 2012-04-21 06:53:09 >> PONG :irc.canonical.org
INFO 2012-04-21 06:55:21 << PING :irc.canonical.org
INFO 2012-04-21 06:55:21 >> PONG :irc.canonical.org
INFO 2012-04-21 06:57:33 << PING :irc.canonical.org
INFO 2012-04-21 06:57:33 >> PONG :irc.canonical.org
INFO 2012-04-21 06:59:45 << PING :irc.canonical.org
INFO 2012-04-21 06:59:45 >> PONG :irc.canonical.org
INFO 2012-04-21 07:01:57 << PING :irc.canonical.org
INFO 2012-04-21 07:01:57 >> PONG :irc.canonical.org
INFO 2012-04-21 07:04:09 << PING :irc.canonical.org
INFO 2012-04-21 07:04:09 >> PONG :irc.canonical.org
INFO 2012-04-21 07:06:21 << PING :irc.canonical.org
INFO 2012-04-21 07:06:21 >> PONG :irc.canonical.org
INFO 2012-04-21 07:08:33 << PING :irc.canonical.org
INFO 2012-04-21 07:08:33 >> PONG :irc.canonical.org
INFO 2012-04-21 07:10:45 << PING :irc.canonical.org
INFO 2012-04-21 07:10:45 >> PONG :irc.canonical.org
INFO 2012-04-21 07:12:57 << PING :irc.canonical.org
INFO 2012-04-21 07:12:57 >> PONG :irc.canonical.org
INFO 2012-04-21 07:15:09 << PING :irc.canonical.org
INFO 2012-04-21 07:15:09 >> PONG :irc.canonical.org
INFO 2012-04-21 07:17:21 << PING :irc.canonical.org
INFO 2012-04-21 07:17:21 >> PONG :irc.canonical.org
INFO 2012-04-21 07:19:33 << PING :irc.canonical.org
INFO 2012-04-21 07:19:33 >> PONG :irc.canonical.org
INFO 2012-04-21 07:21:45 << PING :irc.canonical.org
INFO 2012-04-21 07:21:45 >> PONG :irc.canonical.org
INFO 2012-04-21 07:23:57 << PING :irc.canonical.org
INFO 2012-04-21 07:23:57 >> PONG :irc.canonical.org
INFO 2012-04-21 07:24:27 << :paulv!~paulv@localhost PRIVMSG #bottest :Asmer: have you been using ponder? what do you think? or is cinch a better idea?
INFO 2012-04-21 07:25:14 << :paulv!~paulv@localhost PRIVMSG #bottest :cinch doesn't use EM, but if it handles the threads for us, maybe that doesn't matter.
INFO 2012-04-21 07:26:09 << PING :irc.canonical.org
INFO 2012-04-21 07:26:09 >> PONG :irc.canonical.org
INFO 2012-04-21 07:28:21 << PING :irc.canonical.org
INFO 2012-04-21 07:28:21 >> PONG :irc.canonical.org
INFO 2012-04-21 07:30:33 << PING :irc.canonical.org
INFO 2012-04-21 07:30:33 >> PONG :irc.canonical.org
INFO 2012-04-21 07:32:45 << PING :irc.canonical.org
INFO 2012-04-21 07:32:45 >> PONG :irc.canonical.org
INFO 2012-04-21 07:34:57 << PING :irc.canonical.org
INFO 2012-04-21 07:34:57 >> PONG :irc.canonical.org
INFO 2012-04-21 07:37:09 << PING :irc.canonical.org
INFO 2012-04-21 07:37:09 >> PONG :irc.canonical.org
INFO 2012-04-21 07:39:21 << PING :irc.canonical.org
INFO 2012-04-21 07:39:21 >> PONG :irc.canonical.org
INFO 2012-04-21 07:41:33 << PING :irc.canonical.org
INFO 2012-04-21 07:41:33 >> PONG :irc.canonical.org
INFO 2012-04-21 07:43:45 << PING :irc.canonical.org
INFO 2012-04-21 07:43:45 >> PONG :irc.canonical.org
INFO 2012-04-21 07:45:57 << PING :irc.canonical.org
INFO 2012-04-21 07:45:57 >> PONG :irc.canonical.org
INFO 2012-04-21 07:48:09 << PING :irc.canonical.org
INFO 2012-04-21 07:48:09 >> PONG :irc.canonical.org
INFO 2012-04-21 07:50:21 << PING :irc.canonical.org
INFO 2012-04-21 07:50:21 >> PONG :irc.canonical.org
INFO 2012-04-21 07:52:33 << PING :irc.canonical.org
INFO 2012-04-21 07:52:33 >> PONG :irc.canonical.org
INFO 2012-04-21 07:54:45 << PING :irc.canonical.org
INFO 2012-04-21 07:54:45 >> PONG :irc.canonical.org
INFO 2012-04-21 07:56:57 << PING :irc.canonical.org
INFO 2012-04-21 07:56:57 >> PONG :irc.canonical.org
INFO 2012-04-21 07:59:09 << PING :irc.canonical.org
INFO 2012-04-21 07:59:09 >> PONG :irc.canonical.org
INFO 2012-04-21 08:01:21 << PING :irc.canonical.org
INFO 2012-04-21 08:01:21 >> PONG :irc.canonical.org
INFO 2012-04-21 08:03:33 << PING :irc.canonical.org
INFO 2012-04-21 08:03:33 >> PONG :irc.canonical.org
INFO 2012-04-21 08:05:45 << PING :irc.canonical.org
INFO 2012-04-21 08:05:45 >> PONG :irc.canonical.org
INFO 2012-04-21 08:07:57 << PING :irc.canonical.org
INFO 2012-04-21 08:07:57 >> PONG :irc.canonical.org
INFO 2012-04-21 08:10:09 << PING :irc.canonical.org
INFO 2012-04-21 08:10:09 >> PONG :irc.canonical.org
INFO 2012-04-21 08:12:21 << PING :irc.canonical.org
INFO 2012-04-21 08:12:21 >> PONG :irc.canonical.org
INFO 2012-04-21 08:14:33 << PING :irc.canonical.org
INFO 2012-04-21 08:14:33 >> PONG :irc.canonical.org
INFO 2012-04-21 08:16:45 << PING :irc.canonical.org
INFO 2012-04-21 08:16:45 >> PONG :irc.canonical.org
INFO 2012-04-21 08:18:57 << PING :irc.canonical.org
INFO 2012-04-21 08:18:57 >> PONG :irc.canonical.org
INFO 2012-04-21 08:21:09 << PING :irc.canonical.org
INFO 2012-04-21 08:21:09 >> PONG :irc.canonical.org
INFO 2012-04-21 08:23:21 << PING :irc.canonical.org
INFO 2012-04-21 08:23:21 >> PONG :irc.canonical.org
INFO 2012-04-21 08:25:33 << PING :irc.canonical.org
INFO 2012-04-21 08:25:33 >> PONG :irc.canonical.org
INFO 2012-04-21 08:27:45 << PING :irc.canonical.org
INFO 2012-04-21 08:27:45 >> PONG :irc.canonical.org
INFO 2012-04-21 08:29:57 << PING :irc.canonical.org
INFO 2012-04-21 08:29:57 >> PONG :irc.canonical.org
INFO 2012-04-21 08:32:09 << PING :irc.canonical.org
INFO 2012-04-21 08:32:09 >> PONG :irc.canonical.org
INFO 2012-04-21 08:34:21 << PING :irc.canonical.org
INFO 2012-04-21 08:34:21 >> PONG :irc.canonical.org
INFO 2012-04-21 08:36:33 << PING :irc.canonical.org
INFO 2012-04-21 08:36:33 >> PONG :irc.canonical.org
INFO 2012-04-21 08:38:45 << PING :irc.canonical.org
INFO 2012-04-21 08:38:45 >> PONG :irc.canonical.org
INFO 2012-04-21 08:40:57 << PING :irc.canonical.org
INFO 2012-04-21 08:40:57 >> PONG :irc.canonical.org
INFO 2012-04-21 08:43:09 << PING :irc.canonical.org
INFO 2012-04-21 08:43:09 >> PONG :irc.canonical.org
INFO 2012-04-21 08:45:21 << PING :irc.canonical.org
INFO 2012-04-21 08:45:21 >> PONG :irc.canonical.org
INFO 2012-04-21 08:47:33 << PING :irc.canonical.org
INFO 2012-04-21 08:47:33 >> PONG :irc.canonical.org
INFO 2012-04-21 08:49:45 << PING :irc.canonical.org
INFO 2012-04-21 08:49:45 >> PONG :irc.canonical.org
INFO 2012-04-21 08:51:57 << PING :irc.canonical.org
INFO 2012-04-21 08:51:57 >> PONG :irc.canonical.org
INFO 2012-04-21 08:54:09 << PING :irc.canonical.org
INFO 2012-04-21 08:54:09 >> PONG :irc.canonical.org
INFO 2012-04-21 08:56:21 << PING :irc.canonical.org
INFO 2012-04-21 08:56:21 >> PONG :irc.canonical.org
INFO 2012-04-21 08:58:33 << PING :irc.canonical.org
INFO 2012-04-21 08:58:33 >> PONG :irc.canonical.org
INFO 2012-04-21 09:00:45 << PING :irc.canonical.org
INFO 2012-04-21 09:00:45 >> PONG :irc.canonical.org
INFO 2012-04-21 09:02:57 << PING :irc.canonical.org
INFO 2012-04-21 09:02:57 >> PONG :irc.canonical.org
INFO 2012-04-21 09:05:09 << PING :irc.canonical.org
INFO 2012-04-21 09:05:09 >> PONG :irc.canonical.org
INFO 2012-04-21 09:07:21 << PING :irc.canonical.org
INFO 2012-04-21 09:07:21 >> PONG :irc.canonical.org
INFO 2012-04-21 09:09:33 << PING :irc.canonical.org
INFO 2012-04-21 09:09:33 >> PONG :irc.canonical.org
INFO 2012-04-21 09:11:45 << PING :irc.canonical.org
INFO 2012-04-21 09:11:45 >> PONG :irc.canonical.org
INFO 2012-04-21 09:13:57 << PING :irc.canonical.org
INFO 2012-04-21 09:13:57 >> PONG :irc.canonical.org
INFO 2012-04-21 09:16:09 << PING :irc.canonical.org
INFO 2012-04-21 09:16:09 >> PONG :irc.canonical.org
INFO 2012-04-21 09:18:21 << PING :irc.canonical.org
INFO 2012-04-21 09:18:21 >> PONG :irc.canonical.org
INFO 2012-04-21 09:20:33 << PING :irc.canonical.org
INFO 2012-04-21 09:20:33 >> PONG :irc.canonical.org
INFO 2012-04-21 09:22:45 << PING :irc.canonical.org
INFO 2012-04-21 09:22:45 >> PONG :irc.canonical.org
INFO 2012-04-21 09:24:57 << PING :irc.canonical.org
INFO 2012-04-21 09:24:57 >> PONG :irc.canonical.org
INFO 2012-04-21 09:27:09 << PING :irc.canonical.org
INFO 2012-04-21 09:27:09 >> PONG :irc.canonical.org
INFO 2012-04-21 09:29:21 << PING :irc.canonical.org
INFO 2012-04-21 09:29:21 >> PONG :irc.canonical.org
INFO 2012-04-21 09:31:33 << PING :irc.canonical.org
INFO 2012-04-21 09:31:33 >> PONG :irc.canonical.org
INFO 2012-04-21 09:33:45 << PING :irc.canonical.org
INFO 2012-04-21 09:33:45 >> PONG :irc.canonical.org
INFO 2012-04-21 09:35:57 << PING :irc.canonical.org
INFO 2012-04-21 09:35:57 >> PONG :irc.canonical.org
INFO 2012-04-21 09:38:09 << PING :irc.canonical.org
INFO 2012-04-21 09:38:09 >> PONG :irc.canonical.org
INFO 2012-04-21 09:40:21 << PING :irc.canonical.org
INFO 2012-04-21 09:40:21 >> PONG :irc.canonical.org
INFO 2012-04-21 09:42:33 << PING :irc.canonical.org
INFO 2012-04-21 09:42:33 >> PONG :irc.canonical.org
INFO 2012-04-21 09:44:45 << PING :irc.canonical.org
INFO 2012-04-21 09:44:45 >> PONG :irc.canonical.org
INFO 2012-04-21 09:46:57 << PING :irc.canonical.org
INFO 2012-04-21 09:46:57 >> PONG :irc.canonical.org
INFO 2012-04-21 09:49:09 << PING :irc.canonical.org
INFO 2012-04-21 09:49:09 >> PONG :irc.canonical.org
INFO 2012-04-21 09:51:21 << PING :irc.canonical.org
INFO 2012-04-21 09:51:21 >> PONG :irc.canonical.org
INFO 2012-04-21 09:53:33 << PING :irc.canonical.org
INFO 2012-04-21 09:53:33 >> PONG :irc.canonical.org
INFO 2012-04-21 09:55:45 << PING :irc.canonical.org
INFO 2012-04-21 09:55:45 >> PONG :irc.canonical.org
INFO 2012-04-21 09:57:57 << PING :irc.canonical.org
INFO 2012-04-21 09:57:57 >> PONG :irc.canonical.org
INFO 2012-04-21 10:00:09 << PING :irc.canonical.org
INFO 2012-04-21 10:00:09 >> PONG :irc.canonical.org
INFO 2012-04-21 10:02:21 << PING :irc.canonical.org
INFO 2012-04-21 10:02:21 >> PONG :irc.canonical.org
INFO 2012-04-21 10:04:33 << PING :irc.canonical.org
INFO 2012-04-21 10:04:33 >> PONG :irc.canonical.org
INFO 2012-04-21 10:06:45 << PING :irc.canonical.org
INFO 2012-04-21 10:06:45 >> PONG :irc.canonical.org
INFO 2012-04-21 10:08:57 << PING :irc.canonical.org
INFO 2012-04-21 10:08:57 >> PONG :irc.canonical.org
INFO 2012-04-21 10:11:09 << PING :irc.canonical.org
INFO 2012-04-21 10:11:09 >> PONG :irc.canonical.org
INFO 2012-04-21 10:13:21 << PING :irc.canonical.org
INFO 2012-04-21 10:13:21 >> PONG :irc.canonical.org
INFO 2012-04-21 10:15:33 << PING :irc.canonical.org
INFO 2012-04-21 10:15:33 >> PONG :irc.canonical.org
INFO 2012-04-21 10:17:45 << PING :irc.canonical.org
INFO 2012-04-21 10:17:45 >> PONG :irc.canonical.org
INFO 2012-04-21 10:19:57 << PING :irc.canonical.org
INFO 2012-04-21 10:19:57 >> PONG :irc.canonical.org
INFO 2012-04-21 10:22:09 << PING :irc.canonical.org
INFO 2012-04-21 10:22:09 >> PONG :irc.canonical.org
INFO 2012-04-21 10:24:21 << PING :irc.canonical.org
INFO 2012-04-21 10:24:21 >> PONG :irc.canonical.org
INFO 2012-04-21 10:26:33 << PING :irc.canonical.org
INFO 2012-04-21 10:26:33 >> PONG :irc.canonical.org
INFO 2012-04-21 10:28:45 << PING :irc.canonical.org
INFO 2012-04-21 10:28:45 >> PONG :irc.canonical.org
INFO 2012-04-21 10:30:57 << PING :irc.canonical.org
INFO 2012-04-21 10:30:57 >> PONG :irc.canonical.org
INFO 2012-04-21 10:33:09 << PING :irc.canonical.org
INFO 2012-04-21 10:33:09 >> PONG :irc.canonical.org
INFO 2012-04-21 10:35:21 << PING :irc.canonical.org
INFO 2012-04-21 10:35:21 >> PONG :irc.canonical.org
INFO 2012-04-21 10:37:33 << PING :irc.canonical.org
INFO 2012-04-21 10:37:33 >> PONG :irc.canonical.org
INFO 2012-04-21 10:39:45 << PING :irc.canonical.org
INFO 2012-04-21 10:39:45 >> PONG :irc.canonical.org
INFO 2012-04-21 10:41:57 << PING :irc.canonical.org
INFO 2012-04-21 10:41:57 >> PONG :irc.canonical.org
INFO 2012-04-21 10:44:09 << PING :irc.canonical.org
INFO 2012-04-21 10:44:09 >> PONG :irc.canonical.org
INFO 2012-04-21 10:46:21 << PING :irc.canonical.org
INFO 2012-04-21 10:46:21 >> PONG :irc.canonical.org
INFO 2012-04-21 10:48:33 << PING :irc.canonical.org
INFO 2012-04-21 10:48:33 >> PONG :irc.canonical.org
INFO 2012-04-21 10:50:45 << PING :irc.canonical.org
INFO 2012-04-21 10:50:45 >> PONG :irc.canonical.org
INFO 2012-04-21 10:52:57 << PING :irc.canonical.org
INFO 2012-04-21 10:52:57 >> PONG :irc.canonical.org
INFO 2012-04-21 10:55:09 << PING :irc.canonical.org
INFO 2012-04-21 10:55:09 >> PONG :irc.canonical.org
INFO 2012-04-21 10:57:21 << PING :irc.canonical.org
INFO 2012-04-21 10:57:21 >> PONG :irc.canonical.org
INFO 2012-04-21 10:59:33 << PING :irc.canonical.org
INFO 2012-04-21 10:59:33 >> PONG :irc.canonical.org
INFO 2012-04-21 11:01:45 << PING :irc.canonical.org
INFO 2012-04-21 11:01:45 >> PONG :irc.canonical.org
INFO 2012-04-21 11:03:57 << PING :irc.canonical.org
INFO 2012-04-21 11:03:57 >> PONG :irc.canonical.org
INFO 2012-04-21 11:06:09 << PING :irc.canonical.org
INFO 2012-04-21 11:06:09 >> PONG :irc.canonical.org
INFO 2012-04-21 11:08:21 << PING :irc.canonical.org
INFO 2012-04-21 11:08:21 >> PONG :irc.canonical.org
INFO 2012-04-21 11:10:33 << PING :irc.canonical.org
INFO 2012-04-21 11:10:33 >> PONG :irc.canonical.org
INFO 2012-04-21 11:12:45 << PING :irc.canonical.org
INFO 2012-04-21 11:12:45 >> PONG :irc.canonical.org
INFO 2012-04-21 11:14:57 << PING :irc.canonical.org
INFO 2012-04-21 11:14:57 >> PONG :irc.canonical.org
INFO 2012-04-21 11:17:09 << PING :irc.canonical.org
INFO 2012-04-21 11:17:09 >> PONG :irc.canonical.org
INFO 2012-04-21 11:19:21 << PING :irc.canonical.org
INFO 2012-04-21 11:19:21 >> PONG :irc.canonical.org
INFO 2012-04-21 11:20:00 << :Asmer!~something@c-69-181-102-198.hsd1.ca.comcast.net PRIVMSG #bottest :I'm playing with ponder
INFO 2012-04-21 11:20:02 << :Asmer!~something@c-69-181-102-198.hsd1.ca.comcast.net PRIVMSG #bottest :or rather I was
INFO 2012-04-21 11:20:40 << :Asmer!~something@c-69-181-102-198.hsd1.ca.comcast.net PRIVMSG #bottest :I just saw Cinch near bed time and posted it since it looked more active
INFO 2012-04-21 11:20:51 << :Asmer!~something@c-69-181-102-198.hsd1.ca.comcast.net PRIVMSG #bottest :Also, so I would remember
INFO 2012-04-21 11:20:59 << :Asmer!~something@c-69-181-102-198.hsd1.ca.comcast.net PRIVMSG #bottest :paulv: ^
INFO 2012-04-21 11:21:33 << PING :irc.canonical.org
INFO 2012-04-21 11:21:33 >> PONG :irc.canonical.org
INFO 2012-04-21 11:23:45 << PING :irc.canonical.org
INFO 2012-04-21 11:23:45 >> PONG :irc.canonical.org
INFO 2012-04-21 11:25:41 << :Asmer!~something@c-69-181-102-198.hsd1.ca.comcast.net PRIVMSG #bottest :although Cinch looks pretty nice 
INFO 2012-04-21 11:25:57 << PING :irc.canonical.org
INFO 2012-04-21 11:25:57 >> PONG :irc.canonical.org
INFO 2012-04-21 11:26:08 << :Asmer!~something@c-69-181-102-198.hsd1.ca.comcast.net PRIVMSG #bottest :I like the ability to break things up into plugins
INFO 2012-04-21 11:27:11 << :Asmer!~something@c-69-181-102-198.hsd1.ca.comcast.net PRIVMSG #bottest :gonna play with it a bit
INFO 2012-04-21 11:27:22 << :Asmer!~something@c-69-181-102-198.hsd1.ca.comcast.net PRIVMSG #bottest :starting a new repo for non rails bot stuff
INFO 2012-04-21 11:28:09 << PING :irc.canonical.org
INFO 2012-04-21 11:28:09 >> PONG :irc.canonical.org
